TN:
SF:/home/quintin/Data/source/c_cpp/cobalt/src/algorithm/functional.c
FNL:0,4,7
FNA:0,6,predicate_equal
FNL:1,9,11
FNA:1,2,predicate_not_equal
FNL:2,13,15
FNA:2,2,predicate_null
FNL:3,17,19
FNA:3,2,predicate_nonnull
FNF:4
FNH:4
DA:4,6
DA:5,6
DA:6,6
DA:9,2
DA:10,2
DA:13,2
DA:14,2
DA:17,2
DA:18,2
LF:9
LH:9
end_of_record
TN:
SF:/home/quintin/Data/source/c_cpp/cobalt/src/container/hashmap.c
FNL:0,21,28
FNA:0,6,hash_string
FNL:1,30,45
FNA:1,2,cobalt_hashmap_create
FNL:2,47,61
FNA:2,2,cobalt_hashmap_destroy
FNL:3,63,85
FNA:3,4,cobalt_hashmap_put
FNL:4,87,98
FNA:4,2,cobalt_hashmap_get
FNL:5,100,120
FNA:5,0,cobalt_hashmap_remove
FNL:6,122,125
FNA:6,2,cobalt_hashmap_size
FNF:7
FNH:6
DA:21,6
DA:22,6
DA:23,28
DA:24,22
DA:25,22
DA:27,6
DA:30,2
DA:31,2
DA:32,2
DA:34,2
DA:35,2
DA:36,2
DA:37,2
DA:38,0
DA:39,0
DA:42,2
DA:43,2
DA:44,2
DA:47,2
DA:48,2
DA:49,2
DA:50,34
DA:51,32
DA:52,36
DA:53,4
DA:54,4
DA:55,4
DA:56,4
DA:59,2
DA:60,2
DA:63,4
DA:64,4
DA:65,4
DA:66,4
DA:68,4
DA:69,4
DA:70,0
DA:71,0
DA:72,0
DA:74,0
DA:77,4
DA:78,4
DA:79,4
DA:80,4
DA:81,4
DA:82,4
DA:83,4
DA:84,4
DA:87,2
DA:88,2
DA:89,2
DA:90,2
DA:92,2
DA:93,2
DA:94,2
DA:95,0
DA:97,0
DA:100,0
DA:101,0
DA:102,0
DA:103,0
DA:105,0
DA:106,0
DA:108,0
DA:109,0
DA:110,0
DA:111,0
DA:112,0
DA:113,0
DA:114,0
DA:116,0
DA:117,0
DA:119,0
DA:122,2
DA:123,2
DA:124,2
LF:76
LH:52
end_of_record
TN:
SF:/home/quintin/Data/source/c_cpp/cobalt/src/container/list.c
FNL:0,19,22
FNA:0,0,list_size_seq
FNL:1,24,27
FNA:1,0,list_is_empty_seq
FNL:2,29,44
FNA:2,0,list_add_seq
FNL:3,46,48
FNA:3,0,list_remove_seq
FNL:4,50,53
FNA:4,0,list_iterator_seq
FNL:5,55,69
FNA:5,4,cobalt_list_create
FNL:6,71,81
FNA:6,6,cobalt_list_destroy
FNL:7,83,96
FNA:7,4,cobalt_list_push_front
FNL:8,98,115
FNA:8,2,cobalt_list_push_back
FNL:9,117,128
FNA:9,4,cobalt_list_pop_front
FNL:10,130,133
FNA:10,4,cobalt_list_pop_back
FNL:11,135,138
FNA:11,2,cobalt_list_get
FNL:12,140,142
FNA:12,6,cobalt_list_size
FNL:13,144,146
FNA:13,4,cobalt_list_is_empty
FNF:14
FNH:9
DA:19,0
DA:20,0
DA:21,0
DA:24,0
DA:25,0
DA:26,0
DA:29,0
DA:30,0
DA:31,0
DA:32,0
DA:33,0
DA:34,0
DA:35,0
DA:37,0
DA:38,0
DA:40,0
DA:41,0
DA:43,0
DA:46,0
DA:48,0
DA:50,0
DA:52,0
DA:55,4
DA:56,4
DA:57,4
DA:59,4
DA:60,4
DA:62,4
DA:63,4
DA:64,4
DA:65,4
DA:66,4
DA:68,4
DA:71,6
DA:72,6
DA:73,4
DA:74,4
DA:75,6
DA:76,2
DA:77,2
DA:78,2
DA:80,4
DA:83,4
DA:84,4
DA:85,2
DA:86,2
DA:87,2
DA:88,2
DA:89,2
DA:90,2
DA:91,2
DA:92,2
DA:93,2
DA:94,2
DA:95,2
DA:98,2
DA:99,2
DA:100,2
DA:101,2
DA:102,2
DA:103,2
DA:104,2
DA:105,2
DA:107,2
DA:108,0
DA:110,2
DA:111,2
DA:113,2
DA:114,2
DA:117,4
DA:118,4
DA:119,2
DA:120,2
DA:121,2
DA:122,2
DA:123,2
DA:124,0
DA:125,2
DA:126,2
DA:127,2
DA:130,4
DA:132,4
DA:135,2
DA:137,2
DA:140,6
DA:141,6
DA:144,4
DA:145,4
LF:88
LH:64
end_of_record
TN:
SF:/home/quintin/Data/source/c_cpp/cobalt/src/container/queue.c
FNL:0,15,21
FNA:0,4,cobalt_queue_create
FNL:1,23,33
FNA:1,6,cobalt_queue_destroy
FNL:2,35,52
FNA:2,8,cobalt_queue_enqueue
FNL:3,54,64
FNA:3,8,cobalt_queue_dequeue
FNL:4,66,69
FNA:4,4,cobalt_queue_peek
FNL:5,71,73
FNA:5,4,cobalt_queue_size
FNL:6,75,77
FNA:6,6,cobalt_queue_is_empty
FNF:7
FNH:7
DA:15,4
DA:16,4
DA:17,4
DA:18,4
DA:19,4
DA:20,4
DA:23,6
DA:24,6
DA:26,4
DA:27,4
DA:28,0
DA:29,0
DA:30,0
DA:32,4
DA:35,8
DA:36,8
DA:38,6
DA:39,6
DA:41,6
DA:42,6
DA:44,6
DA:45,2
DA:47,4
DA:48,4
DA:50,6
DA:51,6
DA:54,8
DA:55,8
DA:57,6
DA:58,6
DA:59,6
DA:60,6
DA:61,6
DA:62,6
DA:63,6
DA:66,4
DA:67,4
DA:68,2
DA:71,4
DA:72,4
DA:75,6
DA:76,6
LF:42
LH:39
end_of_record
TN:
SF:/home/quintin/Data/source/c_cpp/cobalt/src/container/stack.c
FNL:0,14,20
FNA:0,4,cobalt_stack_create
FNL:1,22,32
FNA:1,6,cobalt_stack_destroy
FNL:2,34,45
FNA:2,8,cobalt_stack_push
FNL:3,47,56
FNA:3,8,cobalt_stack_pop
FNL:4,58,61
FNA:4,4,cobalt_stack_peek
FNL:5,63,65
FNA:5,4,cobalt_stack_size
FNL:6,67,69
FNA:6,6,cobalt_stack_is_empty
FNF:7
FNH:7
DA:14,4
DA:15,4
DA:16,4
DA:17,4
DA:18,4
DA:19,4
DA:22,6
DA:23,6
DA:25,4
DA:26,4
DA:27,0
DA:28,0
DA:29,0
DA:31,4
DA:34,8
DA:35,8
DA:37,6
DA:38,6
DA:40,6
DA:41,6
DA:42,6
DA:43,6
DA:44,6
DA:47,8
DA:48,8
DA:50,6
DA:51,6
DA:52,6
DA:53,6
DA:54,6
DA:55,6
DA:58,4
DA:59,4
DA:60,2
DA:63,4
DA:64,4
DA:67,6
DA:68,6
LF:38
LH:35
end_of_record
TN:
SF:/home/quintin/Data/source/c_cpp/cobalt/src/container/treemap.c
FNL:0,21,32
FNA:0,6,create_node
FNL:1,34,40
FNA:1,14,destroy_tree
FNL:2,42,51
FNA:2,10,insert_node
FNL:3,53,59
FNA:3,4,find_node
FNL:4,61,64
FNA:4,2,find_min
FNL:5,66,69
FNA:5,2,find_max
FNL:6,71,77
FNA:6,2,cobalt_treemap_create
FNL:7,79,83
FNA:7,2,cobalt_treemap_destroy
FNL:8,85,90
FNA:8,6,cobalt_treemap_put
FNL:9,92,96
FNA:9,2,cobalt_treemap_get
FNL:10,98,108
FNA:10,0,cobalt_treemap_remove
FNL:11,110,114
FNA:11,2,cobalt_treemap_min_key
FNL:12,116,120
FNA:12,2,cobalt_treemap_max_key
FNL:13,122,125
FNA:13,4,cobalt_treemap_size
FNF:14
FNH:13
DA:21,6
DA:22,6
DA:23,6
DA:24,6
DA:25,6
DA:26,0
DA:27,0
DA:29,6
DA:30,6
DA:31,6
DA:34,14
DA:35,14
DA:36,6
DA:37,6
DA:38,6
DA:39,6
DA:42,10
DA:43,10
DA:45,4
DA:46,4
DA:47,2
DA:48,0
DA:50,4
DA:53,4
DA:54,4
DA:55,4
DA:56,4
DA:57,2
DA:58,2
DA:61,2
DA:62,4
DA:63,2
DA:66,2
DA:67,4
DA:68,2
DA:71,2
DA:72,2
DA:73,2
DA:74,2
DA:75,2
DA:76,2
DA:79,2
DA:80,2
DA:81,2
DA:82,2
DA:85,6
DA:86,6
DA:87,6
DA:88,6
DA:89,6
DA:92,2
DA:93,2
DA:94,2
DA:95,2
DA:98,0
DA:99,0
DA:100,0
DA:101,0
DA:105,0
DA:106,0
DA:107,0
DA:110,2
DA:111,2
DA:112,2
DA:113,2
DA:116,2
DA:117,2
DA:118,2
DA:119,2
DA:122,4
DA:123,4
DA:124,4
LF:72
LH:62
end_of_record
TN:
SF:/home/quintin/Data/source/c_cpp/cobalt/src/container/vector.c
FNL:0,13,16
FNA:0,4,vector_size_seq
FNL:1,18,21
FNA:1,0,vector_is_empty_seq
FNL:2,23,33
FNA:2,218,vector_add_seq
FNL:3,35,37
FNA:3,0,vector_remove_seq
FNL:4,39,42
FNA:4,0,vector_iterator_seq
FNL:5,44,65
FNA:5,10,cobalt_vector_create
FNL:6,67,72
FNA:6,12,cobalt_vector_destroy
FNL:7,74,78
FNA:7,220,cobalt_vector_push
FNL:8,80,83
FNA:8,208,cobalt_vector_get
FNL:9,85,89
FNA:9,6,cobalt_vector_set
FNL:10,91,93
FNA:10,8,cobalt_vector_size
FNL:11,95,97
FNA:11,4,cobalt_vector_is_empty
FNF:12
FNH:9
DA:13,4
DA:14,4
DA:15,4
DA:18,0
DA:19,0
DA:20,0
DA:23,218
DA:24,218
DA:25,218
DA:26,16
DA:27,16
DA:28,16
DA:29,16
DA:30,16
DA:32,218
DA:35,0
DA:37,0
DA:39,0
DA:40,0
DA:41,0
DA:44,10
DA:45,10
DA:46,10
DA:48,10
DA:49,10
DA:50,0
DA:51,0
DA:54,10
DA:55,10
DA:58,10
DA:59,10
DA:60,10
DA:61,10
DA:62,10
DA:64,10
DA:67,12
DA:68,12
DA:69,10
DA:70,10
DA:72,12
DA:74,220
DA:75,220
DA:76,218
DA:77,218
DA:80,208
DA:81,208
DA:82,204
DA:85,6
DA:86,6
DA:87,2
DA:88,2
DA:91,8
DA:92,8
DA:95,4
DA:96,4
LF:55
LH:45
end_of_record
TN:
SF:/home/quintin/Data/source/c_cpp/cobalt/src/core/class.c
FNL:0,5,18
FNA:0,18,cobalt_class_create
FNL:1,20,24
FNA:1,8,cobalt_class_add_method
FNL:2,26,30
FNA:2,6,cobalt_class_add_property
FNL:3,32,34
FNA:3,4,cobalt_class_is_abstract
FNL:4,36,41
FNA:4,18,cobalt_class_destroy
FNF:5
FNH:5
DA:5,18
DA:6,18
DA:7,18
DA:9,18
DA:10,18
DA:11,18
DA:12,18
DA:13,18
DA:14,18
DA:15,18
DA:17,18
DA:20,8
DA:21,8
DA:23,2
DA:26,6
DA:27,6
DA:29,2
DA:32,4
DA:33,4
DA:36,18
DA:37,18
DA:38,18
DA:39,18
DA:41,18
LF:24
LH:24
end_of_record
TN:
SF:/home/quintin/Data/source/c_cpp/cobalt/src/core/interface.c
FNL:0,4,8
FNA:0,6,cobalt_interface_new
FNL:1,10,12
FNA:1,6,cobalt_interface_destroy
FNL:2,14,17
FNA:2,2,cobalt_object_implements
FNF:3
FNH:3
DA:4,6
DA:5,6
DA:6,6
DA:7,6
DA:10,6
DA:11,6
DA:12,6
DA:14,2
DA:15,2
DA:16,0
LF:10
LH:9
end_of_record
TN:
SF:/home/quintin/Data/source/c_cpp/cobalt/src/core/object.c
FNL:0,4,6
FNA:0,4,cobalt_object_ref
FNL:1,8,12
FNA:1,6,cobalt_object_unref
FNL:2,14,22
FNA:2,2,cobalt_object_new
FNL:3,24,26
FNA:3,4,cobalt_object_get_class
FNF:4
FNH:4
DA:4,4
DA:5,4
DA:6,4
DA:8,6
DA:9,6
DA:10,2
DA:12,6
DA:14,2
DA:15,2
DA:16,2
DA:17,2
DA:18,2
DA:19,2
DA:21,2
DA:24,4
DA:25,4
LF:16
LH:16
end_of_record
TN:
SF:/home/quintin/Data/source/c_cpp/cobalt/src/interface/iterator.c
FNL:0,12,22
FNA:0,8,cobalt_iterator_new
FNL:1,24,28
FNA:1,38,cobalt_iterator_has_next
FNL:2,30,38
FNA:2,30,cobalt_iterator_next
FNL:3,40,42
FNA:3,8,cobalt_iterator_destroy
FNF:4
FNH:4
DA:12,8
DA:13,8
DA:15,6
DA:16,6
DA:18,6
DA:19,6
DA:20,6
DA:21,6
DA:24,38
DA:25,38
DA:26,36
DA:27,36
DA:30,30
DA:31,30
DA:32,28
DA:34,28
DA:36,26
DA:37,26
DA:40,8
DA:41,8
DA:42,8
LF:21
LH:21
end_of_record
TN:
SF:/home/quintin/Data/source/c_cpp/cobalt/src/memory/allocator.c
FNL:0,5,8
FNA:0,4,sys_alloc
FNL:1,10,13
FNA:1,4,sys_free
FNL:2,15,18
FNA:2,2,sys_realloc
FNL:3,27,29
FNA:3,4,cobalt_allocator_get_system
FNL:4,32,34
FNA:4,4,cobalt_allocator_alloc
FNL:5,36,38
FNA:5,4,cobalt_allocator_free
FNL:6,40,42
FNA:6,2,cobalt_allocator_realloc
FNF:7
FNH:7
DA:5,4
DA:7,4
DA:10,4
DA:12,4
DA:13,4
DA:15,2
DA:17,2
DA:27,4
DA:28,4
DA:32,4
DA:33,4
DA:36,4
DA:37,4
DA:38,4
DA:40,2
DA:41,2
LF:16
LH:16
end_of_record
TN:
SF:/home/quintin/Data/source/c_cpp/cobalt/src/memory/arena.c
FNL:0,12,26
FNA:0,6,cobalt_arena_create
FNL:1,28,33
FNA:1,6,cobalt_arena_destroy
FNL:2,35,48
FNA:2,10,cobalt_arena_alloc
FNL:3,50,54
FNA:3,6,cobalt_arena_reset
FNF:4
FNH:4
DA:12,6
DA:13,6
DA:14,6
DA:16,6
DA:17,6
DA:18,0
DA:19,0
DA:22,6
DA:23,6
DA:24,6
DA:25,6
DA:28,6
DA:29,6
DA:30,6
DA:31,6
DA:33,6
DA:35,10
DA:36,10
DA:38,2
DA:39,2
DA:40,2
DA:41,2
DA:42,2
DA:45,10
DA:46,10
DA:47,10
DA:50,6
DA:51,6
DA:52,6
DA:54,6
LF:30
LH:28
end_of_record
TN:
SF:/home/quintin/Data/source/c_cpp/cobalt/src/module/eventloop.c
FNL:0,57,59
FNA:0,12,get_time_now
FNL:1,61,65
FNA:1,0,timer_expired
FNL:2,71,97
FNA:2,10,cobalt_eventloop_create
FNL:3,99,124
FNA:3,10,cobalt_eventloop_destroy
FNL:4,126,159
FNA:4,2,cobalt_eventloop_add_fd
FNL:5,161,165
FNA:5,2,cobalt_eventloop_mod_fd
FNL:6,167,190
FNA:6,2,cobalt_eventloop_del_fd
FNL:7,192,234
FNA:7,6,cobalt_eventloop_add_timer
FNL:8,236,251
FNA:8,6,cobalt_eventloop_del_timer
FNL:9,253,263
FNA:9,0,cobalt_eventloop_run
FNL:10,265,267
FNA:10,4,cobalt_eventloop_stop
FNL:11,269,334
FNA:11,6,cobalt_eventloop_iteration
FNF:12
FNH:10
DA:57,12
DA:58,12
DA:59,12
DA:61,0
DA:62,0
DA:63,0
DA:64,0
DA:71,10
DA:72,10
DA:73,10
DA:76,10
DA:77,10
DA:78,0
DA:79,0
DA:81,10
DA:82,10
DA:83,10
DA:84,0
DA:85,0
DA:86,0
DA:96,10
DA:99,10
DA:100,10
DA:103,10
DA:104,10
DA:109,10
DA:110,10
DA:111,0
DA:112,0
DA:113,0
DA:116,10
DA:117,10
DA:118,0
DA:119,0
DA:120,0
DA:123,10
DA:126,2
DA:127,2
DA:130,0
DA:131,0
DA:132,0
DA:133,0
DA:134,0
DA:144,0
DA:145,0
DA:146,0
DA:147,0
DA:148,0
DA:149,0
DA:151,0
DA:152,0
DA:154,0
DA:155,0
DA:158,0
DA:161,2
DA:162,2
DA:163,0
DA:164,0
DA:167,2
DA:168,2
DA:171,0
DA:178,0
DA:179,0
DA:180,0
DA:181,0
DA:182,0
DA:183,0
DA:184,0
DA:186,0
DA:187,0
DA:189,0
DA:192,6
DA:193,6
DA:195,6
DA:196,6
DA:197,6
DA:199,6
DA:200,6
DA:201,6
DA:202,6
DA:203,6
DA:204,6
DA:207,6
DA:208,6
DA:209,6
DA:210,6
DA:211,0
DA:212,0
DA:215,6
DA:216,4
DA:219,2
DA:220,2
DA:221,0
DA:222,0
DA:224,2
DA:225,2
DA:226,2
DA:228,0
DA:229,0
DA:233,6
DA:236,6
DA:237,6
DA:239,6
DA:240,6
DA:241,8
DA:242,8
DA:243,6
DA:244,6
DA:245,6
DA:247,2
DA:248,2
DA:250,0
DA:253,0
DA:254,0
DA:255,0
DA:256,0
DA:258,0
DA:259,0
DA:260,0
DA:262,0
DA:265,4
DA:266,4
DA:267,4
DA:269,6
DA:270,6
DA:273,6
DA:276,6
DA:277,12
DA:278,6
DA:279,6
DA:280,0
DA:281,0
DA:283,0
DA:284,0
DA:285,0
DA:286,0
DA:287,0
DA:288,0
DA:291,0
DA:294,6
DA:300,6
DA:301,6
DA:302,6
DA:303,4
DA:304,4
DA:305,4
DA:306,4
DA:307,4
DA:310,6
DA:311,6
DA:312,0
DA:313,0
DA:314,0
DA:333,6
LF:154
LH:83
end_of_record
TN:
SF:/home/quintin/Data/source/c_cpp/cobalt/src/module/json.c
FNL:0,12,21
FNA:0,58,json_node_create
FNL:1,23,59
FNA:1,38,json_destroy
FNL:2,66,114
FNA:2,2,json_escape_string
FNL:3,117,309
FNA:3,6,json_serialize
FNL:4,321,323
FNA:4,150,is_space
FNL:5,325,329
FNA:5,140,json_skip_whitespace
FNL:6,332,357
FNA:6,18,json_parse_string
FNL:7,365,426
FNA:7,4,json_parse_object
FNL:8,428,462
FNA:8,4,json_parse_array
FNL:9,464,514
FNA:9,52,json_parse_value
FNL:10,520,532
FNA:10,6,json_tree_get_child
FNL:11,538,548
FNA:11,40,json_parse
FNL:12,550,553
FNA:12,12,json_get_number
FNL:13,555,558
FNA:13,10,json_get_string
FNL:14,560,562
FNA:14,8,json_is_null
FNL:15,564,566
FNA:15,4,json_is_object
FNL:16,568,570
FNA:16,4,json_is_array
FNF:17
FNH:17
DA:12,58
DA:13,58
DA:14,58
DA:15,58
DA:16,58
DA:17,58
DA:18,58
DA:20,58
DA:23,38
DA:24,38
DA:26,36
DA:27,8
DA:28,20
DA:29,12
DA:30,12
DA:32,12
DA:33,2
DA:34,2
DA:36,12
DA:37,12
DA:39,12
DA:40,6
DA:41,6
DA:43,12
DA:44,12
DA:46,8
DA:49,36
DA:50,10
DA:51,10
DA:53,36
DA:54,0
DA:55,0
DA:58,36
DA:66,2
DA:68,2
DA:69,2
DA:70,2
DA:72,12
DA:73,10
DA:74,10
DA:75,0
DA:76,0
DA:77,0
DA:78,0
DA:79,0
DA:80,10
DA:81,10
DA:82,0
DA:84,10
DA:86,10
DA:90,2
DA:91,2
DA:93,2
DA:94,2
DA:95,12
DA:96,10
DA:97,10
DA:98,0
DA:99,0
DA:100,0
DA:101,0
DA:102,0
DA:103,10
DA:104,10
DA:105,0
DA:107,10
DA:109,10
DA:112,2
DA:113,2
DA:117,6
DA:118,6
DA:121,4
DA:122,4
DA:123,4
DA:124,4
DA:126,4
DA:127,0
DA:128,0
DA:129,0
DA:130,0
DA:131,0
DA:132,0
DA:134,0
DA:135,0
DA:136,0
DA:137,0
DA:138,0
DA:139,0
DA:140,0
DA:141,0
DA:142,0
DA:144,0
DA:145,0
DA:146,0
DA:147,0
DA:148,0
DA:149,0
DA:150,0
DA:151,0
DA:152,0
DA:154,0
DA:155,0
DA:156,0
DA:157,2
DA:158,2
DA:159,2
DA:160,0
DA:161,0
DA:162,0
DA:163,0
DA:164,0
DA:166,2
DA:167,2
DA:168,2
DA:169,2
DA:170,2
DA:171,2
DA:172,2
DA:173,0
DA:174,0
DA:175,0
DA:176,0
DA:177,0
DA:179,2
DA:181,0
DA:182,0
DA:183,0
DA:184,0
DA:185,0
DA:187,0
DA:188,0
DA:191,0
DA:192,0
DA:193,0
DA:194,0
DA:195,0
DA:197,0
DA:198,0
DA:200,2
DA:201,0
DA:202,0
DA:203,0
DA:204,0
DA:205,0
DA:206,0
DA:208,0
DA:209,0
DA:210,0
DA:211,0
DA:212,0
DA:213,0
DA:214,0
DA:215,0
DA:216,0
DA:217,0
DA:218,0
DA:220,0
DA:222,0
DA:223,0
DA:224,0
DA:225,0
DA:226,0
DA:227,0
DA:228,0
DA:229,0
DA:230,0
DA:232,0
DA:233,0
DA:234,0
DA:236,0
DA:238,0
DA:239,0
DA:240,0
DA:241,0
DA:242,0
DA:244,0
DA:245,0
DA:247,0
DA:248,0
DA:249,0
DA:250,0
DA:251,0
DA:252,0
DA:254,0
DA:255,0
DA:256,0
DA:257,0
DA:258,0
DA:259,0
DA:260,0
DA:261,0
DA:262,0
DA:263,0
DA:264,0
DA:266,0
DA:268,0
DA:269,0
DA:270,0
DA:271,0
DA:272,0
DA:273,0
DA:274,0
DA:275,0
DA:276,0
DA:278,0
DA:279,0
DA:281,0
DA:282,0
DA:283,0
DA:284,0
DA:285,0
DA:286,0
DA:287,0
DA:288,0
DA:290,0
DA:291,0
DA:292,0
DA:294,0
DA:296,0
DA:297,0
DA:298,0
DA:299,0
DA:300,0
DA:302,0
DA:303,0
DA:307,4
DA:308,4
DA:321,150
DA:322,150
DA:325,140
DA:326,154
DA:327,14
DA:329,140
DA:332,18
DA:333,18
DA:334,18
DA:337,18
DA:338,106
DA:339,88
DA:340,2
DA:342,86
DA:346,18
DA:348,18
DA:349,18
DA:350,18
DA:352,18
DA:353,18
DA:354,18
DA:356,18
DA:365,4
DA:366,4
DA:367,4
DA:368,4
DA:370,4
DA:372,4
DA:373,4
DA:374,0
DA:375,0
DA:378,2
DA:379,6
DA:380,6
DA:382,6
DA:383,6
DA:385,6
DA:386,6
DA:387,0
DA:388,0
DA:390,6
DA:392,6
DA:393,6
DA:394,0
DA:395,0
DA:398,6
DA:399,6
DA:400,6
DA:401,6
DA:402,4
DA:404,2
DA:405,4
DA:406,2
DA:409,6
DA:410,6
DA:411,2
DA:412,2
DA:414,4
DA:415,4
DA:417,4
DA:420,4
DA:421,4
DA:422,0
DA:425,4
DA:428,4
DA:429,4
DA:430,4
DA:431,4
DA:433,4
DA:435,4
DA:436,4
DA:437,0
DA:438,0
DA:441,6
DA:442,10
DA:443,10
DA:445,10
DA:446,10
DA:448,10
DA:449,10
DA:450,6
DA:451,6
DA:453,4
DA:456,4
DA:457,4
DA:458,4
DA:461,4
DA:464,52
DA:465,52
DA:466,52
DA:468,52
DA:470,52
DA:471,48
DA:472,44
DA:473,12
DA:474,12
DA:475,12
DA:476,12
DA:477,12
DA:481,32
DA:482,26
DA:483,66
DA:484,40
DA:486,26
DA:487,26
DA:488,26
DA:489,26
DA:490,26
DA:491,26
DA:492,26
DA:494,26
DA:495,26
DA:496,26
DA:500,6
DA:501,2
DA:502,2
DA:504,4
DA:505,2
DA:506,2
DA:508,2
DA:509,2
DA:510,2
DA:513,0
DA:520,6
DA:521,6
DA:524,6
DA:525,12
DA:526,10
DA:527,4
DA:529,6
DA:531,2
DA:538,40
DA:539,40
DA:540,38
DA:541,38
DA:543,36
DA:544,36
DA:545,36
DA:547,36
DA:550,12
DA:551,12
DA:552,2
DA:555,10
DA:556,10
DA:557,2
DA:560,8
DA:561,8
DA:564,4
DA:565,4
DA:568,4
DA:569,4
LF:378
LH:217
end_of_record
TN:
SF:/home/quintin/Data/source/c_cpp/cobalt/src/platform/atomic.c
FNL:0,5,8
FNA:0,6,cobalt_atomic_create
FNL:1,11,13
FNA:1,12,cobalt_atomic_get
FNL:2,16,18
FNA:2,2,cobalt_atomic_set
FNL:3,21,23
FNA:3,256640,cobalt_atomic_increment
FNL:4,26,28
FNA:4,70549,cobalt_atomic_decrement
FNF:5
FNH:5
DA:5,6
DA:6,6
DA:7,6
DA:11,12
DA:12,12
DA:16,2
DA:17,2
DA:18,2
DA:21,256640
DA:22,256640
DA:23,256640
DA:26,70549
DA:27,70549
DA:28,70549
LF:14
LH:14
end_of_record
TN:
SF:/home/quintin/Data/source/c_cpp/cobalt/src/platform/platform.c
FNL:0,3,11
FNA:0,2,cobalt_platform_get_id
FNL:1,13,15
FNA:1,2,cobalt_platform_get_handle
FNF:2
FNH:2
DA:3,2
DA:9,2
DA:13,2
DA:14,2
LF:4
LH:4
end_of_record
TN:
SF:/home/quintin/Data/source/c_cpp/cobalt/src/runtime/error.c
FNL:0,3,16
FNA:0,18,cobalt_error_get_message
FNL:1,18,20
FNA:1,4,cobalt_error_set
FNL:2,22,24
FNA:2,2,cobalt_error_get_current
FNF:3
FNH:3
DA:3,18
DA:4,18
DA:5,2
DA:6,2
DA:7,2
DA:8,2
DA:9,2
DA:10,2
DA:11,2
DA:12,2
DA:13,2
DA:14,0
DA:18,4
DA:19,4
DA:20,4
DA:22,2
DA:23,2
LF:17
LH:16
end_of_record
TN:
SF:/home/quintin/Data/source/c_cpp/cobalt/src/runtime/logger.c
FNL:0,10,13
FNA:0,4,cobalt_logger_init
FNL:1,15,25
FNA:1,16,level_name
FNL:2,27,42
FNA:2,20,cobalt_logger_log
FNF:3
FNH:3
DA:10,4
DA:11,4
DA:12,4
DA:13,4
DA:15,16
DA:16,16
DA:17,2
DA:18,2
DA:19,4
DA:20,4
DA:21,4
DA:22,0
DA:23,0
DA:27,20
DA:28,20
DA:31,16
DA:33,16
DA:34,16
DA:35,16
DA:37,16
DA:39,16
DA:40,0
LF:22
LH:19
end_of_record
TN:
SF:/home/quintin/Data/source/c_cpp/cobalt/tests/test_framework.h
FNL:0,24,33
FNA:0,0,test_report
FNF:1
FNH:0
DA:24,0
DA:25,0
DA:26,0
DA:27,0
DA:28,0
DA:30,0
DA:31,0
DA:33,0
LF:8
LH:0
end_of_record
TN:
SF:/home/quintin/Data/source/c_cpp/cobalt/tests/test_runner.c
FNL:0,57,67
FNA:0,1,run_all_tests
FNL:1,69,87
FNA:1,20,run_filtered_test
FNL:2,89,96
FNA:2,21,main
FNF:3
FNH:3
DA:57,1
DA:58,1
DA:60,21
DA:61,20
DA:62,20
DA:63,20
DA:66,1
DA:67,1
DA:69,20
DA:70,20
DA:71,210
DA:72,210
DA:73,20
DA:74,20
DA:75,20
DA:76,20
DA:79,20
DA:80,0
DA:81,0
DA:82,0
DA:83,0
DA:85,0
DA:87,20
DA:89,21
DA:90,21
DA:91,20
DA:93,1
DA:95,21
LF:28
LH:23
end_of_record
TN:
SF:/home/quintin/Data/source/c_cpp/cobalt/tests/unit/test_allocator.c
FNL:0,10,60
FNA:0,2,test_allocator_basic
FNL:1,62,75
FNA:1,2,test_allocator_null_safe
FNL:2,77,82
FNA:2,2,test_allocator
FNF:3
FNH:3
DA:10,2
DA:11,2
DA:13,2
DA:14,2
DA:15,0
DA:16,0
DA:18,2
DA:21,2
DA:22,2
DA:23,0
DA:24,0
DA:26,2
DA:29,22
DA:30,20
DA:32,2
DA:33,22
DA:34,20
DA:36,2
DA:37,2
DA:39,0
DA:43,2
DA:44,2
DA:45,0
DA:46,0
DA:48,2
DA:51,2
DA:52,2
DA:54,0
DA:58,2
DA:59,2
DA:62,2
DA:63,2
DA:65,2
DA:68,2
DA:69,2
DA:70,2
DA:71,2
DA:74,2
DA:75,2
DA:77,2
DA:78,2
DA:79,2
DA:80,2
DA:81,2
DA:82,2
LF:45
LH:37
end_of_record
TN:
SF:/home/quintin/Data/source/c_cpp/cobalt/tests/unit/test_arena.c
FNL:0,10,22
FNA:0,2,test_arena_create_destroy
FNL:1,24,71
FNA:1,2,test_arena_alloc_reset
FNL:2,73,94
FNA:2,2,test_arena_boundary
FNL:3,96,102
FNA:3,2,test_arena
FNF:4
FNH:4
DA:10,2
DA:11,2
DA:13,2
DA:14,2
DA:15,0
DA:16,0
DA:18,2
DA:20,2
DA:21,2
DA:24,2
DA:25,2
DA:27,2
DA:28,2
DA:29,0
DA:30,0
DA:34,2
DA:35,2
DA:36,2
DA:38,2
DA:39,0
DA:40,0
DA:41,0
DA:45,2
DA:46,22
DA:47,130
DA:49,2
DA:50,0
DA:52,2
DA:56,2
DA:57,2
DA:60,2
DA:61,2
DA:62,0
DA:64,2
DA:65,2
DA:66,2
DA:69,2
DA:70,2
DA:73,2
DA:74,2
DA:77,2
DA:78,2
DA:79,0
DA:80,0
DA:85,2
DA:86,2
DA:87,2
DA:88,2
DA:90,0
DA:93,2
DA:96,2
DA:97,2
DA:98,2
DA:99,2
DA:100,2
DA:101,2
DA:102,2
LF:57
LH:45
end_of_record
TN:
SF:/home/quintin/Data/source/c_cpp/cobalt/tests/unit/test_atomic.c
FNL:0,18,24
FNA:0,32,thread_inc
FNL:1,27,33
FNA:1,16,thread_dec
FNL:2,36,70
FNA:2,2,test_atomic_basic
FNL:3,73,104
FNA:3,2,test_atomic_concurrent_inc
FNL:4,107,132
FNA:4,2,test_atomic_concurrent_mixed
FNL:5,134,142
FNA:5,2,test_atomic
FNF:6
FNH:6
DA:18,32
DA:20,218356
DA:21,272466
DA:23,0
DA:27,16
DA:29,62674
DA:30,134920
DA:32,0
DA:36,2
DA:37,2
DA:39,2
DA:40,2
DA:41,2
DA:42,2
DA:44,0
DA:47,2
DA:48,2
DA:49,2
DA:50,2
DA:52,0
DA:55,2
DA:56,2
DA:57,2
DA:58,2
DA:60,0
DA:63,2
DA:64,2
DA:65,2
DA:66,2
DA:68,0
DA:70,2
DA:73,2
DA:74,2
DA:78,2
DA:81,2
DA:82,18
DA:83,16
DA:84,16
DA:85,0
DA:86,0
DA:91,18
DA:92,16
DA:96,2
DA:97,2
DA:98,2
DA:99,2
DA:101,0
DA:107,2
DA:108,2
DA:111,2
DA:114,2
DA:115,18
DA:116,16
DA:117,16
DA:121,34
DA:122,32
DA:126,2
DA:127,2
DA:128,2
DA:130,0
DA:132,2
DA:134,2
DA:135,2
DA:137,2
DA:138,2
DA:139,2
DA:141,2
DA:142,2
LF:68
LH:58
end_of_record
TN:
SF:/home/quintin/Data/source/c_cpp/cobalt/tests/unit/test_class.c
FNL:0,12,15
FNA:0,0,dummy_method
FNL:1,17,41
FNA:1,2,test_class_create_destroy
FNL:2,43,79
FNA:2,2,test_class_methods
FNL:3,81,111
FNA:3,2,test_class_properties
FNL:4,113,135
FNA:4,2,test_class_abstract
FNL:5,137,164
FNA:5,2,test_class_inheritance
FNL:6,166,174
FNA:6,2,test_class
FNF:7
FNH:6
DA:12,0
DA:14,0
DA:17,2
DA:18,2
DA:21,2
DA:22,2
DA:23,0
DA:24,0
DA:26,2
DA:29,2
DA:30,2
DA:31,0
DA:32,0
DA:33,0
DA:35,2
DA:38,2
DA:39,2
DA:40,2
DA:43,2
DA:44,2
DA:46,2
DA:47,2
DA:48,0
DA:49,0
DA:53,2
DA:54,2
DA:55,2
DA:57,0
DA:61,2
DA:62,2
DA:63,2
DA:67,2
DA:68,2
DA:69,2
DA:73,2
DA:74,2
DA:75,2
DA:78,2
DA:81,2
DA:82,2
DA:84,2
DA:85,2
DA:86,0
DA:87,0
DA:91,2
DA:92,2
DA:93,2
DA:95,0
DA:99,2
DA:100,2
DA:101,2
DA:105,2
DA:106,2
DA:107,2
DA:110,2
DA:113,2
DA:114,2
DA:116,2
DA:117,2
DA:118,0
DA:119,0
DA:123,2
DA:124,2
DA:125,2
DA:129,2
DA:130,2
DA:131,2
DA:134,2
DA:137,2
DA:138,2
DA:141,2
DA:142,2
DA:143,0
DA:144,0
DA:148,2
DA:149,2
DA:150,0
DA:151,0
DA:152,0
DA:156,2
DA:157,2
DA:158,2
DA:159,2
DA:162,2
DA:163,2
DA:166,2
DA:167,2
DA:168,2
DA:169,2
DA:170,2
DA:171,2
DA:172,2
DA:173,2
DA:174,2
LF:94
LH:74
end_of_record
TN:
SF:/home/quintin/Data/source/c_cpp/cobalt/tests/unit/test_error.c
FNL:0,10,52
FNA:0,2,test_error_codes
FNL:1,54,74
FNA:1,2,test_error_set_get
FNL:2,76,81
FNA:2,2,test_error
FNF:3
FNH:3
DA:10,2
DA:11,2
DA:13,2
DA:25,2
DA:37,2
DA:38,20
DA:39,18
DA:40,18
DA:41,18
DA:43,0
DA:44,0
DA:45,0
DA:49,2
DA:50,2
DA:52,2
DA:54,2
DA:55,2
DA:57,2
DA:60,2
DA:61,2
DA:62,2
DA:64,0
DA:68,2
DA:69,2
DA:72,2
DA:73,2
DA:74,2
DA:76,2
DA:77,2
DA:78,2
DA:79,2
DA:80,2
DA:81,2
LF:33
LH:29
end_of_record
TN:
SF:/home/quintin/Data/source/c_cpp/cobalt/tests/unit/test_eventloop.c
FNL:0,14,20
FNA:0,0,on_timer
FNL:1,22,26
FNA:1,0,on_fd
FNL:2,28,40
FNA:2,2,test_eventloop_create_destroy
FNL:3,42,72
FNA:3,2,test_eventloop_fd
FNL:4,74,108
FNA:4,2,test_eventloop_timer
FNL:5,110,133
FNA:5,2,test_eventloop_run_stop
FNL:6,135,161
FNA:6,2,test_eventloop_multiple_timers
FNL:7,163,171
FNA:7,2,test_eventloop
FNF:8
FNH:6
DA:14,0
DA:16,0
DA:17,0
DA:18,0
DA:19,0
DA:20,0
DA:22,0
DA:24,0
DA:25,0
DA:26,0
DA:28,2
DA:29,2
DA:31,2
DA:32,2
DA:33,0
DA:34,0
DA:36,2
DA:38,2
DA:39,2
DA:42,2
DA:43,2
DA:45,2
DA:46,2
DA:47,0
DA:48,0
DA:52,2
DA:53,2
DA:54,0
DA:56,2
DA:60,2
DA:61,2
DA:62,0
DA:66,2
DA:67,2
DA:68,0
DA:71,2
DA:74,2
DA:75,2
DA:77,2
DA:78,2
DA:79,0
DA:80,0
DA:83,2
DA:86,2
DA:87,2
DA:88,2
DA:92,2
DA:93,2
DA:95,2
DA:96,0
DA:98,2
DA:102,2
DA:103,2
DA:104,2
DA:107,2
DA:110,2
DA:111,2
DA:113,2
DA:114,2
DA:115,0
DA:116,0
DA:120,2
DA:121,2
DA:124,2
DA:125,2
DA:129,2
DA:130,2
DA:132,2
DA:135,2
DA:136,2
DA:138,2
DA:139,2
DA:140,0
DA:141,0
DA:144,2
DA:145,2
DA:147,2
DA:148,2
DA:150,2
DA:153,2
DA:155,2
DA:157,2
DA:158,2
DA:160,2
DA:163,2
DA:164,2
DA:165,2
DA:166,2
DA:167,2
DA:168,2
DA:169,2
DA:170,2
DA:171,2
LF:93
LH:69
end_of_record
TN:
SF:/home/quintin/Data/source/c_cpp/cobalt/tests/unit/test_functional.c
FNL:0,10,12
FNA:0,6,simple_cmp
FNL:1,14,45
FNA:1,2,test_predicates
FNL:2,47,51
FNA:2,2,test_functional
FNF:3
FNH:3
DA:10,6
DA:11,6
DA:14,2
DA:15,2
DA:17,2
DA:18,2
DA:19,2
DA:21,0
DA:24,2
DA:25,2
DA:26,2
DA:28,0
DA:31,2
DA:32,2
DA:36,2
DA:37,2
DA:39,0
DA:42,2
DA:43,2
DA:45,2
DA:47,2
DA:48,2
DA:49,2
DA:50,2
DA:51,2
LF:25
LH:22
end_of_record
TN:
SF:/home/quintin/Data/source/c_cpp/cobalt/tests/unit/test_hashmap.c
FNL:0,10,42
FNA:0,2,test_hashmap_basic
FNL:1,44,47
FNA:1,2,test_hashmap
FNF:2
FNH:2
DA:10,2
DA:11,2
DA:13,2
DA:14,2
DA:15,0
DA:16,0
DA:18,2
DA:24,2
DA:25,2
DA:27,2
DA:28,2
DA:30,2
DA:31,2
DA:32,2
DA:34,0
DA:37,2
DA:38,2
DA:40,2
DA:41,2
DA:44,2
DA:45,2
DA:46,2
DA:47,2
LF:23
LH:20
end_of_record
TN:
SF:/home/quintin/Data/source/c_cpp/cobalt/tests/unit/test_interface.c
FNL:0,12,15
FNA:0,0,dummy_destroy
FNL:1,21,33
FNA:1,2,test_interface_create_destroy
FNL:2,35,50
FNA:2,2,test_interface_implements
FNL:3,52,62
FNA:3,2,test_interface_null_vtable
FNL:4,64,70
FNA:4,2,test_interface
FNF:5
FNH:4
DA:12,0
DA:14,0
DA:15,0
DA:21,2
DA:22,2
DA:24,2
DA:25,2
DA:26,0
DA:27,0
DA:29,2
DA:31,2
DA:32,2
DA:35,2
DA:36,2
DA:38,2
DA:39,2
DA:40,2
DA:43,2
DA:44,2
DA:45,2
DA:48,2
DA:50,2
DA:52,2
DA:53,2
DA:55,2
DA:56,2
DA:57,2
DA:58,2
DA:60,0
DA:62,2
DA:64,2
DA:65,2
DA:66,2
DA:67,2
DA:68,2
DA:69,2
DA:70,2
LF:37
LH:31
end_of_record
TN:
SF:/home/quintin/Data/source/c_cpp/cobalt/tests/unit/test_iterator.c
FNL:0,21,24
FNA:0,2,test_seq_size
FNL:1,26,29
FNA:1,0,test_seq_is_empty
FNL:2,31,40
FNA:2,10,test_seq_add
FNL:3,42,47
FNA:3,0,test_seq_remove
FNL:4,49,51
FNA:4,0,test_seq_iterator
FNL:5,53,67
FNA:5,2,test_seq_create
FNL:6,69,74
FNA:6,2,test_seq_destroy
FNL:7,76,148
FNA:7,2,test_iterator_basic
FNL:8,150,169
FNA:8,2,test_iterator_null
FNL:9,171,208
FNA:9,2,test_iterator_with_vector
FNL:10,210,216
FNA:10,2,test_iterator
FNF:11
FNH:8
DA:21,2
DA:22,2
DA:23,2
DA:26,0
DA:27,0
DA:28,0
DA:31,10
DA:32,10
DA:33,10
DA:34,4
DA:35,4
DA:36,4
DA:37,4
DA:39,10
DA:42,0
DA:44,0
DA:46,0
DA:47,0
DA:49,0
DA:50,0
DA:53,2
DA:54,2
DA:55,2
DA:56,2
DA:57,2
DA:58,2
DA:60,2
DA:61,2
DA:62,2
DA:63,2
DA:64,2
DA:66,2
DA:69,2
DA:70,2
DA:71,2
DA:72,2
DA:73,2
DA:76,2
DA:77,2
DA:80,2
DA:81,2
DA:82,2
DA:84,0
DA:85,0
DA:89,2
DA:90,2
DA:91,0
DA:92,0
DA:95,2
DA:96,12
DA:97,10
DA:101,2
DA:102,2
DA:103,2
DA:105,0
DA:106,0
DA:107,0
DA:111,2
DA:112,2
DA:114,0
DA:118,2
DA:119,12
DA:120,10
DA:122,10
DA:125,2
DA:126,2
DA:128,0
DA:132,2
DA:133,2
DA:135,0
DA:139,2
DA:140,2
DA:141,2
DA:143,0
DA:146,2
DA:147,2
DA:150,2
DA:151,2
DA:154,2
DA:155,2
DA:157,0
DA:160,2
DA:161,2
DA:163,0
DA:167,2
DA:168,2
DA:169,2
DA:171,2
DA:172,2
DA:174,2
DA:175,2
DA:176,0
DA:177,0
DA:180,2
DA:181,12
DA:182,10
DA:186,2
DA:187,2
DA:188,2
DA:189,0
DA:190,0
DA:191,0
DA:194,2
DA:195,12
DA:196,10
DA:197,10
DA:200,2
DA:201,2
DA:203,0
DA:206,2
DA:207,2
DA:210,2
DA:211,2
DA:212,2
DA:213,2
DA:214,2
DA:215,2
DA:216,2
LF:118
LH:90
end_of_record
TN:
SF:/home/quintin/Data/source/c_cpp/cobalt/tests/unit/test_json.c
FNL:0,12,30
FNA:0,2,test_json_parse_null
FNL:1,32,69
FNA:1,2,test_json_parse_number
FNL:2,71,96
FNA:2,2,test_json_parse_string
FNL:3,98,126
FNA:3,2,test_json_parse_bool
FNL:4,128,142
FNA:4,2,test_json_parse_array
FNL:5,144,181
FNA:5,2,test_json_parse_object
FNL:6,183,213
FNA:6,2,test_json_serialize
FNL:7,215,243
FNA:7,2,test_json_accessors
FNL:8,245,268
FNA:8,2,test_json_destroy
FNL:9,270,282
FNA:9,2,test_json
FNF:10
FNH:10
DA:12,2
DA:13,2
DA:15,2
DA:16,2
DA:17,2
DA:19,0
DA:20,0
DA:23,2
DA:24,2
DA:25,2
DA:27,0
DA:28,0
DA:30,2
DA:32,2
DA:33,2
DA:35,2
DA:36,2
DA:37,2
DA:38,2
DA:39,2
DA:41,0
DA:43,2
DA:45,0
DA:48,2
DA:49,2
DA:50,2
DA:51,2
DA:52,2
DA:54,0
DA:56,2
DA:58,0
DA:61,2
DA:62,2
DA:63,2
DA:64,2
DA:65,0
DA:67,2
DA:69,2
DA:71,2
DA:72,2
DA:74,2
DA:75,2
DA:76,2
DA:77,2
DA:78,2
DA:80,0
DA:82,2
DA:84,0
DA:88,2
DA:89,2
DA:90,2
DA:91,2
DA:92,2
DA:94,2
DA:96,2
DA:98,2
DA:99,2
DA:101,2
DA:102,2
DA:103,2
DA:104,2
DA:106,2
DA:109,2
DA:110,2
DA:111,2
DA:112,2
DA:114,2
DA:117,2
DA:118,2
DA:119,2
DA:120,2
DA:122,0
DA:124,2
DA:126,2
DA:128,2
DA:129,2
DA:131,2
DA:132,2
DA:133,2
DA:134,2
DA:136,0
DA:138,2
DA:140,0
DA:142,2
DA:144,2
DA:145,2
DA:147,2
DA:148,2
DA:149,2
DA:150,2
DA:152,0
DA:156,2
DA:157,2
DA:158,2
DA:159,2
DA:160,2
DA:164,2
DA:165,2
DA:166,2
DA:167,2
DA:168,2
DA:172,2
DA:173,2
DA:174,2
DA:177,2
DA:179,0
DA:181,2
DA:183,2
DA:184,2
DA:187,2
DA:188,2
DA:189,0
DA:193,2
DA:194,2
DA:195,2
DA:196,2
DA:197,2
DA:198,2
DA:200,2
DA:204,2
DA:205,2
DA:206,2
DA:207,2
DA:208,2
DA:209,2
DA:211,2
DA:213,2
DA:215,2
DA:216,2
DA:218,2
DA:219,2
DA:220,2
DA:221,2
DA:223,2
DA:224,2
DA:226,2
DA:227,2
DA:228,2
DA:230,2
DA:233,2
DA:234,2
DA:235,2
DA:236,2
DA:238,2
DA:239,2
DA:241,2
DA:243,2
DA:245,2
DA:246,2
DA:249,2
DA:250,2
DA:253,2
DA:254,2
DA:255,2
DA:257,2
DA:258,2
DA:259,2
DA:261,2
DA:262,2
DA:263,2
DA:265,2
DA:266,2
DA:267,2
DA:268,2
DA:270,2
DA:271,2
DA:272,2
DA:273,2
DA:274,2
DA:275,2
DA:276,2
DA:277,2
DA:278,2
DA:279,2
DA:280,2
DA:281,2
DA:282,2
LF:177
LH:160
end_of_record
TN:
SF:/home/quintin/Data/source/c_cpp/cobalt/tests/unit/test_list.c
FNL:0,12,76
FNA:0,2,test_list_basic
FNL:1,78,112
FNA:1,2,test_list_edge_cases
FNL:2,114,119
FNA:2,2,test_list
FNF:3
FNH:3
DA:12,2
DA:13,2
DA:15,2
DA:16,2
DA:17,0
DA:18,0
DA:22,2
DA:23,2
DA:25,0
DA:28,2
DA:29,2
DA:33,2
DA:34,2
DA:35,2
DA:36,2
DA:38,0
DA:42,2
DA:43,2
DA:44,2
DA:45,2
DA:49,2
DA:50,2
DA:51,2
DA:53,0
DA:56,2
DA:57,2
DA:61,2
DA:62,2
DA:63,0
DA:66,2
DA:67,0
DA:71,2
DA:72,0
DA:75,2
DA:78,2
DA:79,2
DA:81,2
DA:84,2
DA:85,2
DA:86,2
DA:89,2
DA:90,2
DA:91,2
DA:95,2
DA:96,2
DA:97,2
DA:101,2
DA:102,2
DA:103,2
DA:104,2
DA:107,2
DA:110,2
DA:111,2
DA:112,2
DA:114,2
DA:115,2
DA:116,2
DA:117,2
DA:118,2
DA:119,2
LF:60
LH:52
end_of_record
TN:
SF:/home/quintin/Data/source/c_cpp/cobalt/tests/unit/test_logger.c
FNL:0,14,61
FNA:0,2,test_logger_levels
FNL:1,63,79
FNA:1,2,test_logger_macros
FNL:2,81,86
FNA:2,2,test_logger
FNF:3
FNH:3
DA:14,2
DA:15,2
DA:18,2
DA:19,2
DA:20,0
DA:21,0
DA:25,2
DA:28,2
DA:29,2
DA:32,2
DA:33,2
DA:34,2
DA:36,2
DA:39,2
DA:40,2
DA:42,2
DA:43,2
DA:44,2
DA:46,8
DA:47,6
DA:48,6
DA:49,6
DA:51,2
DA:53,2
DA:55,2
DA:56,2
DA:58,0
DA:63,2
DA:64,2
DA:67,2
DA:70,2
DA:71,2
DA:72,2
DA:73,2
DA:74,2
DA:78,2
DA:79,2
DA:81,2
DA:82,2
DA:83,2
DA:84,2
DA:85,2
DA:86,2
LF:43
LH:40
end_of_record
TN:
SF:/home/quintin/Data/source/c_cpp/cobalt/tests/unit/test_object.c
FNL:0,11,63
FNA:0,2,test_object_lifecycle
FNL:1,65,75
FNA:1,2,test_object_null_safe
FNL:2,77,82
FNA:2,2,test_object
FNF:3
FNH:3
DA:11,2
DA:12,2
DA:15,2
DA:16,2
DA:17,0
DA:18,0
DA:22,2
DA:23,2
DA:24,0
DA:25,0
DA:26,0
DA:28,2
DA:31,2
DA:32,2
DA:33,2
DA:35,0
DA:39,2
DA:40,2
DA:41,2
DA:43,0
DA:47,2
DA:48,2
DA:49,2
DA:50,2
DA:53,2
DA:54,2
DA:55,2
DA:56,2
DA:59,2
DA:60,2
DA:62,2
DA:65,2
DA:66,2
DA:69,2
DA:70,2
DA:71,2
DA:72,2
DA:73,2
DA:75,2
DA:77,2
DA:78,2
DA:79,2
DA:80,2
DA:81,2
DA:82,2
LF:45
LH:38
end_of_record
TN:
SF:/home/quintin/Data/source/c_cpp/cobalt/tests/unit/test_platform.c
FNL:0,10,38
FNA:0,2,test_platform
FNF:1
FNH:1
DA:10,2
DA:11,2
DA:14,2
DA:15,2
DA:16,0
DA:18,2
DA:21,2
DA:22,2
DA:23,0
DA:25,2
DA:32,2
DA:37,2
DA:38,2
LF:13
LH:11
end_of_record
TN:
SF:/home/quintin/Data/source/c_cpp/cobalt/tests/unit/test_queue.c
FNL:0,10,62
FNA:0,2,test_queue_basic
FNL:1,64,83
FNA:1,2,test_queue_edge_cases
FNL:2,85,89
FNA:2,2,test_queue
FNF:3
FNH:3
DA:10,2
DA:11,2
DA:13,2
DA:14,2
DA:15,0
DA:16,0
DA:20,2
DA:21,2
DA:25,2
DA:26,2
DA:27,2
DA:28,2
DA:30,2
DA:31,2
DA:35,2
DA:36,2
DA:37,2
DA:41,2
DA:42,2
DA:43,2
DA:46,2
DA:47,2
DA:48,2
DA:51,2
DA:52,2
DA:53,2
DA:56,2
DA:57,2
DA:60,2
DA:61,2
DA:64,2
DA:65,2
DA:68,2
DA:69,2
DA:70,2
DA:71,2
DA:72,2
DA:73,2
DA:76,2
DA:79,2
DA:81,2
DA:82,2
DA:83,2
DA:85,2
DA:86,2
DA:87,2
DA:88,2
DA:89,2
LF:48
LH:46
end_of_record
TN:
SF:/home/quintin/Data/source/c_cpp/cobalt/tests/unit/test_sort.c
FNL:0,8,11
FNA:0,2,test_sort
FNF:1
FNH:1
DA:8,2
DA:9,2
DA:10,2
DA:11,2
LF:4
LH:4
end_of_record
TN:
SF:/home/quintin/Data/source/c_cpp/cobalt/tests/unit/test_stack.c
FNL:0,10,62
FNA:0,2,test_stack_basic
FNL:1,64,83
FNA:1,2,test_stack_edge_cases
FNL:2,85,89
FNA:2,2,test_stack
FNF:3
FNH:3
DA:10,2
DA:11,2
DA:13,2
DA:14,2
DA:15,0
DA:16,0
DA:20,2
DA:21,2
DA:25,2
DA:26,2
DA:27,2
DA:28,2
DA:30,2
DA:31,2
DA:35,2
DA:36,2
DA:37,2
DA:41,2
DA:42,2
DA:43,2
DA:46,2
DA:47,2
DA:48,2
DA:51,2
DA:52,2
DA:53,2
DA:56,2
DA:57,2
DA:60,2
DA:61,2
DA:64,2
DA:65,2
DA:68,2
DA:69,2
DA:70,2
DA:71,2
DA:72,2
DA:73,2
DA:76,2
DA:79,2
DA:81,2
DA:82,2
DA:83,2
DA:85,2
DA:86,2
DA:87,2
DA:88,2
DA:89,2
LF:48
LH:46
end_of_record
TN:
SF:/home/quintin/Data/source/c_cpp/cobalt/tests/unit/test_treemap.c
FNL:0,10,54
FNA:0,2,test_treemap_basic
FNL:1,56,59
FNA:1,2,test_treemap
FNF:2
FNH:2
DA:10,2
DA:11,2
DA:13,2
DA:14,2
DA:15,0
DA:16,0
DA:20,2
DA:21,2
DA:25,2
DA:26,2
DA:27,2
DA:28,2
DA:30,2
DA:31,2
DA:35,2
DA:36,2
DA:37,2
DA:41,2
DA:42,2
DA:43,2
DA:44,2
DA:46,2
DA:47,2
DA:51,2
DA:52,2
DA:53,2
DA:56,2
DA:57,2
DA:58,2
DA:59,2
LF:30
LH:28
end_of_record
TN:
SF:/home/quintin/Data/source/c_cpp/cobalt/tests/unit/test_vector.c
FNL:0,12,78
FNA:0,2,test_vector_basic
FNL:1,80,124
FNA:1,2,test_vector_edge_cases
FNL:2,126,175
FNA:2,2,test_vector_growth
FNL:3,177,210
FNA:3,2,test_vector_iterator
FNL:4,212,218
FNA:4,2,test_vector
FNF:5
FNH:5
DA:12,2
DA:13,2
DA:16,2
DA:17,2
DA:18,0
DA:19,0
DA:21,2
DA:24,2
DA:25,2
DA:27,0
DA:30,2
DA:31,2
DA:32,2
DA:34,0
DA:38,2
DA:39,2
DA:40,2
DA:41,2
DA:43,0
DA:46,2
DA:47,2
DA:48,2
DA:50,0
DA:54,2
DA:55,2
DA:56,2
DA:58,0
DA:62,2
DA:63,2
DA:64,2
DA:65,2
DA:67,0
DA:70,2
DA:71,2
DA:72,2
DA:76,2
DA:77,2
DA:80,2
DA:81,2
DA:84,2
DA:85,2
DA:86,2
DA:89,2
DA:90,2
DA:91,2
DA:94,2
DA:95,2
DA:96,2
DA:99,2
DA:100,2
DA:101,2
DA:104,2
DA:105,2
DA:108,2
DA:109,2
DA:110,2
DA:111,2
DA:114,2
DA:115,2
DA:116,2
DA:119,2
DA:122,2
DA:123,2
DA:124,2
DA:126,2
DA:127,2
DA:129,2
DA:130,2
DA:131,0
DA:132,0
DA:136,2
DA:137,2
DA:138,0
DA:139,0
DA:140,0
DA:142,202
DA:143,200
DA:144,200
DA:145,200
DA:146,0
DA:147,0
DA:151,2
DA:152,2
DA:153,2
DA:155,0
DA:159,2
DA:160,202
DA:161,200
DA:162,200
DA:163,0
DA:164,0
DA:168,2
DA:169,2
DA:171,0
DA:174,2
DA:177,2
DA:178,2
DA:180,2
DA:181,2
DA:182,0
DA:183,0
DA:186,2
DA:187,8
DA:188,6
DA:192,2
DA:193,2
DA:195,2
DA:196,2
DA:197,8
DA:198,6
DA:199,6
DA:201,2
DA:202,2
DA:204,2
DA:206,0
DA:209,2
DA:212,2
DA:213,2
DA:214,2
DA:215,2
DA:216,2
DA:217,2
DA:218,2
LF:123
LH:101
end_of_record
