TN:
SF:/home/quintin/Data/source/c_cpp/cobalt/src/algorithm/functional.c
FNL:0,4,7
FNA:0,12,predicate_equal
FNL:1,9,11
FNA:1,4,predicate_not_equal
FNL:2,13,15
FNA:2,4,predicate_null
FNL:3,17,19
FNA:3,4,predicate_nonnull
FNF:4
FNH:4
DA:4,12
DA:5,12
DA:6,12
DA:9,4
DA:10,4
DA:13,4
DA:14,4
DA:17,4
DA:18,4
LF:9
LH:9
end_of_record
TN:
SF:/home/quintin/Data/source/c_cpp/cobalt/src/container/hashmap.c
FNL:0,21,28
FNA:0,12,hash_string
FNL:1,30,45
FNA:1,4,cobalt_hashmap_create
FNL:2,47,61
FNA:2,4,cobalt_hashmap_destroy
FNL:3,63,85
FNA:3,8,cobalt_hashmap_put
FNL:4,87,98
FNA:4,4,cobalt_hashmap_get
FNL:5,100,120
FNA:5,0,cobalt_hashmap_remove
FNL:6,122,125
FNA:6,4,cobalt_hashmap_size
FNF:7
FNH:6
DA:21,12
DA:22,12
DA:23,56
DA:24,44
DA:25,44
DA:27,12
DA:30,4
DA:31,4
DA:32,4
DA:34,4
DA:35,4
DA:36,4
DA:37,4
DA:38,0
DA:39,0
DA:42,4
DA:43,4
DA:44,4
DA:47,4
DA:48,4
DA:49,4
DA:50,68
DA:51,64
DA:52,72
DA:53,8
DA:54,8
DA:55,8
DA:56,8
DA:59,4
DA:60,4
DA:63,8
DA:64,8
DA:65,8
DA:66,8
DA:68,8
DA:69,8
DA:70,0
DA:71,0
DA:72,0
DA:74,0
DA:77,8
DA:78,8
DA:79,8
DA:80,8
DA:81,8
DA:82,8
DA:83,8
DA:84,8
DA:87,4
DA:88,4
DA:89,4
DA:90,4
DA:92,4
DA:93,4
DA:94,4
DA:95,0
DA:97,0
DA:100,0
DA:101,0
DA:102,0
DA:103,0
DA:105,0
DA:106,0
DA:108,0
DA:109,0
DA:110,0
DA:111,0
DA:112,0
DA:113,0
DA:114,0
DA:116,0
DA:117,0
DA:119,0
DA:122,4
DA:123,4
DA:124,4
LF:76
LH:52
end_of_record
TN:
SF:/home/quintin/Data/source/c_cpp/cobalt/src/container/list.c
FNL:0,19,22
FNA:0,0,list_size_seq
FNL:1,24,27
FNA:1,0,list_is_empty_seq
FNL:2,29,44
FNA:2,0,list_add_seq
FNL:3,46,48
FNA:3,0,list_remove_seq
FNL:4,50,53
FNA:4,0,list_iterator_seq
FNL:5,55,69
FNA:5,8,cobalt_list_create
FNL:6,71,81
FNA:6,8,cobalt_list_destroy
FNL:7,83,96
FNA:7,8,cobalt_list_push_front
FNL:8,98,115
FNA:8,4,cobalt_list_push_back
FNL:9,117,128
FNA:9,8,cobalt_list_pop_front
FNL:10,130,133
FNA:10,0,cobalt_list_pop_back
FNL:11,135,138
FNA:11,0,cobalt_list_get
FNL:12,140,142
FNA:12,16,cobalt_list_size
FNL:13,144,146
FNA:13,4,cobalt_list_is_empty
FNF:14
FNH:7
DA:19,0
DA:20,0
DA:21,0
DA:24,0
DA:25,0
DA:26,0
DA:29,0
DA:30,0
DA:31,0
DA:32,0
DA:33,0
DA:34,0
DA:35,0
DA:37,0
DA:38,0
DA:40,0
DA:41,0
DA:43,0
DA:46,0
DA:48,0
DA:50,0
DA:52,0
DA:55,8
DA:56,8
DA:57,8
DA:59,8
DA:60,8
DA:62,8
DA:63,8
DA:64,8
DA:65,8
DA:66,8
DA:68,8
DA:71,8
DA:72,8
DA:73,8
DA:74,8
DA:75,12
DA:76,4
DA:77,4
DA:78,4
DA:80,8
DA:83,8
DA:84,8
DA:85,4
DA:86,4
DA:87,4
DA:88,4
DA:89,4
DA:90,4
DA:91,4
DA:92,4
DA:93,4
DA:94,4
DA:95,4
DA:98,4
DA:99,4
DA:100,4
DA:101,4
DA:102,4
DA:103,4
DA:104,4
DA:105,4
DA:107,4
DA:108,0
DA:110,4
DA:111,4
DA:113,4
DA:114,4
DA:117,8
DA:118,8
DA:119,4
DA:120,4
DA:121,4
DA:122,4
DA:123,4
DA:124,0
DA:125,4
DA:126,4
DA:127,4
DA:130,0
DA:132,0
DA:135,0
DA:137,0
DA:140,16
DA:141,16
DA:144,4
DA:145,4
LF:88
LH:60
end_of_record
TN:
SF:/home/quintin/Data/source/c_cpp/cobalt/src/container/queue.c
FNL:0,15,21
FNA:0,8,cobalt_queue_create
FNL:1,23,33
FNA:1,12,cobalt_queue_destroy
FNL:2,35,52
FNA:2,16,cobalt_queue_enqueue
FNL:3,54,64
FNA:3,16,cobalt_queue_dequeue
FNL:4,66,69
FNA:4,8,cobalt_queue_peek
FNL:5,71,73
FNA:5,8,cobalt_queue_size
FNL:6,75,77
FNA:6,12,cobalt_queue_is_empty
FNF:7
FNH:7
DA:15,8
DA:16,8
DA:17,8
DA:18,8
DA:19,8
DA:20,8
DA:23,12
DA:24,12
DA:26,8
DA:27,8
DA:28,0
DA:29,0
DA:30,0
DA:32,8
DA:35,16
DA:36,16
DA:38,12
DA:39,12
DA:41,12
DA:42,12
DA:44,12
DA:45,4
DA:47,8
DA:48,8
DA:50,12
DA:51,12
DA:54,16
DA:55,16
DA:57,12
DA:58,12
DA:59,12
DA:60,12
DA:61,12
DA:62,12
DA:63,12
DA:66,8
DA:67,8
DA:68,4
DA:71,8
DA:72,8
DA:75,12
DA:76,12
LF:42
LH:39
end_of_record
TN:
SF:/home/quintin/Data/source/c_cpp/cobalt/src/container/stack.c
FNL:0,14,20
FNA:0,8,cobalt_stack_create
FNL:1,22,32
FNA:1,12,cobalt_stack_destroy
FNL:2,34,45
FNA:2,16,cobalt_stack_push
FNL:3,47,56
FNA:3,16,cobalt_stack_pop
FNL:4,58,61
FNA:4,8,cobalt_stack_peek
FNL:5,63,65
FNA:5,8,cobalt_stack_size
FNL:6,67,69
FNA:6,12,cobalt_stack_is_empty
FNF:7
FNH:7
DA:14,8
DA:15,8
DA:16,8
DA:17,8
DA:18,8
DA:19,8
DA:22,12
DA:23,12
DA:25,8
DA:26,8
DA:27,0
DA:28,0
DA:29,0
DA:31,8
DA:34,16
DA:35,16
DA:37,12
DA:38,12
DA:40,12
DA:41,12
DA:42,12
DA:43,12
DA:44,12
DA:47,16
DA:48,16
DA:50,12
DA:51,12
DA:52,12
DA:53,12
DA:54,12
DA:55,12
DA:58,8
DA:59,8
DA:60,4
DA:63,8
DA:64,8
DA:67,12
DA:68,12
LF:38
LH:35
end_of_record
TN:
SF:/home/quintin/Data/source/c_cpp/cobalt/src/container/treemap.c
FNL:0,21,32
FNA:0,12,create_node
FNL:1,34,40
FNA:1,28,destroy_tree
FNL:2,42,51
FNA:2,20,insert_node
FNL:3,53,59
FNA:3,8,find_node
FNL:4,61,64
FNA:4,4,find_min
FNL:5,66,69
FNA:5,4,find_max
FNL:6,71,77
FNA:6,4,cobalt_treemap_create
FNL:7,79,83
FNA:7,4,cobalt_treemap_destroy
FNL:8,85,90
FNA:8,12,cobalt_treemap_put
FNL:9,92,96
FNA:9,4,cobalt_treemap_get
FNL:10,98,108
FNA:10,0,cobalt_treemap_remove
FNL:11,110,114
FNA:11,4,cobalt_treemap_min_key
FNL:12,116,120
FNA:12,4,cobalt_treemap_max_key
FNL:13,122,125
FNA:13,8,cobalt_treemap_size
FNF:14
FNH:13
DA:21,12
DA:22,12
DA:23,12
DA:24,12
DA:25,12
DA:26,0
DA:27,0
DA:29,12
DA:30,12
DA:31,12
DA:34,28
DA:35,28
DA:36,12
DA:37,12
DA:38,12
DA:39,12
DA:42,20
DA:43,20
DA:45,8
DA:46,8
DA:47,4
DA:48,0
DA:50,8
DA:53,8
DA:54,8
DA:55,8
DA:56,8
DA:57,4
DA:58,4
DA:61,4
DA:62,8
DA:63,4
DA:66,4
DA:67,8
DA:68,4
DA:71,4
DA:72,4
DA:73,4
DA:74,4
DA:75,4
DA:76,4
DA:79,4
DA:80,4
DA:81,4
DA:82,4
DA:85,12
DA:86,12
DA:87,12
DA:88,12
DA:89,12
DA:92,4
DA:93,4
DA:94,4
DA:95,4
DA:98,0
DA:99,0
DA:100,0
DA:101,0
DA:105,0
DA:106,0
DA:107,0
DA:110,4
DA:111,4
DA:112,4
DA:113,4
DA:116,4
DA:117,4
DA:118,4
DA:119,4
DA:122,8
DA:123,8
DA:124,8
LF:72
LH:62
end_of_record
TN:
SF:/home/quintin/Data/source/c_cpp/cobalt/src/container/vector.c
FNL:0,13,16
FNA:0,0,vector_size_seq
FNL:1,18,21
FNA:1,0,vector_is_empty_seq
FNL:2,23,33
FNA:2,404,vector_add_seq
FNL:3,35,37
FNA:3,0,vector_remove_seq
FNL:4,39,42
FNA:4,0,vector_iterator_seq
FNL:5,44,65
FNA:5,8,cobalt_vector_create
FNL:6,67,72
FNA:6,8,cobalt_vector_destroy
FNL:7,74,78
FNA:7,408,cobalt_vector_push
FNL:8,80,83
FNA:8,16,cobalt_vector_get
FNL:9,85,89
FNA:9,4,cobalt_vector_set
FNL:10,91,93
FNA:10,16,cobalt_vector_size
FNL:11,95,97
FNA:11,8,cobalt_vector_is_empty
FNF:12
FNH:8
DA:13,0
DA:14,0
DA:15,0
DA:18,0
DA:19,0
DA:20,0
DA:23,404
DA:24,404
DA:25,404
DA:26,24
DA:27,24
DA:28,24
DA:29,24
DA:30,24
DA:32,404
DA:35,0
DA:37,0
DA:39,0
DA:40,0
DA:41,0
DA:44,8
DA:45,8
DA:46,8
DA:48,8
DA:49,8
DA:50,0
DA:51,0
DA:54,8
DA:55,8
DA:58,8
DA:59,8
DA:60,8
DA:61,8
DA:62,8
DA:64,8
DA:67,8
DA:68,8
DA:69,8
DA:70,8
DA:72,8
DA:74,408
DA:75,408
DA:76,404
DA:77,404
DA:80,16
DA:81,16
DA:82,8
DA:85,4
DA:86,4
DA:87,0
DA:88,0
DA:91,16
DA:92,16
DA:95,8
DA:96,8
LF:55
LH:40
end_of_record
TN:
SF:/home/quintin/Data/source/c_cpp/cobalt/src/core/class.c
FNL:0,5,18
FNA:0,20,cobalt_class_create
FNL:1,20,24
FNA:1,8,cobalt_class_add_method
FNL:2,26,30
FNA:2,0,cobalt_class_add_property
FNL:3,32,34
FNA:3,0,cobalt_class_is_abstract
FNL:4,36,41
FNA:4,20,cobalt_class_destroy
FNF:5
FNH:3
DA:5,20
DA:6,20
DA:7,20
DA:9,20
DA:10,20
DA:11,20
DA:12,20
DA:13,20
DA:14,20
DA:15,20
DA:17,20
DA:20,8
DA:21,8
DA:23,8
DA:26,0
DA:27,0
DA:29,0
DA:32,0
DA:33,0
DA:36,20
DA:37,20
DA:38,20
DA:39,20
DA:41,20
LF:24
LH:19
end_of_record
TN:
SF:/home/quintin/Data/source/c_cpp/cobalt/src/core/interface.c
FNL:0,4,8
FNA:0,8,cobalt_interface_new
FNL:1,10,12
FNA:1,8,cobalt_interface_destroy
FNL:2,14,17
FNA:2,0,cobalt_object_implements
FNF:3
FNH:2
DA:4,8
DA:5,8
DA:6,8
DA:7,8
DA:10,8
DA:11,8
DA:12,8
DA:14,0
DA:15,0
DA:16,0
LF:10
LH:7
end_of_record
TN:
SF:/home/quintin/Data/source/c_cpp/cobalt/src/core/object.c
FNL:0,4,6
FNA:0,8,cobalt_object_ref
FNL:1,8,12
FNA:1,12,cobalt_object_unref
FNL:2,14,22
FNA:2,4,cobalt_object_new
FNL:3,24,26
FNA:3,8,cobalt_object_get_class
FNF:4
FNH:4
DA:4,8
DA:5,8
DA:6,8
DA:8,12
DA:9,12
DA:10,4
DA:12,12
DA:14,4
DA:15,4
DA:16,4
DA:17,4
DA:18,4
DA:19,4
DA:21,4
DA:24,8
DA:25,8
LF:16
LH:16
end_of_record
TN:
SF:/home/quintin/Data/source/c_cpp/cobalt/src/interface/iterator.c
FNL:0,12,22
FNA:0,0,cobalt_iterator_new
FNL:1,24,28
FNA:1,0,cobalt_iterator_has_next
FNL:2,30,38
FNA:2,0,cobalt_iterator_next
FNL:3,40,42
FNA:3,0,cobalt_iterator_destroy
FNF:4
FNH:0
DA:12,0
DA:13,0
DA:15,0
DA:16,0
DA:18,0
DA:19,0
DA:20,0
DA:21,0
DA:24,0
DA:25,0
DA:26,0
DA:27,0
DA:30,0
DA:31,0
DA:32,0
DA:34,0
DA:36,0
DA:37,0
DA:40,0
DA:41,0
DA:42,0
LF:21
LH:0
end_of_record
TN:
SF:/home/quintin/Data/source/c_cpp/cobalt/src/memory/allocator.c
FNL:0,5,8
FNA:0,8,sys_alloc
FNL:1,10,13
FNA:1,8,sys_free
FNL:2,15,18
FNA:2,4,sys_realloc
FNL:3,27,29
FNA:3,8,cobalt_allocator_get_system
FNL:4,32,34
FNA:4,8,cobalt_allocator_alloc
FNL:5,36,38
FNA:5,8,cobalt_allocator_free
FNL:6,40,42
FNA:6,4,cobalt_allocator_realloc
FNF:7
FNH:7
DA:5,8
DA:7,8
DA:10,8
DA:12,8
DA:13,8
DA:15,4
DA:17,4
DA:27,8
DA:28,8
DA:32,8
DA:33,8
DA:36,8
DA:37,8
DA:38,8
DA:40,4
DA:41,4
LF:16
LH:16
end_of_record
TN:
SF:/home/quintin/Data/source/c_cpp/cobalt/src/memory/arena.c
FNL:0,12,26
FNA:0,12,cobalt_arena_create
FNL:1,28,33
FNA:1,12,cobalt_arena_destroy
FNL:2,35,48
FNA:2,20,cobalt_arena_alloc
FNL:3,50,54
FNA:3,12,cobalt_arena_reset
FNF:4
FNH:4
DA:12,12
DA:13,12
DA:14,12
DA:16,12
DA:17,12
DA:18,0
DA:19,0
DA:22,12
DA:23,12
DA:24,12
DA:25,12
DA:28,12
DA:29,12
DA:30,12
DA:31,12
DA:33,12
DA:35,20
DA:36,20
DA:38,4
DA:39,4
DA:40,4
DA:41,4
DA:42,4
DA:45,20
DA:46,20
DA:47,20
DA:50,12
DA:51,12
DA:52,12
DA:54,12
LF:30
LH:28
end_of_record
TN:
SF:/home/quintin/Data/source/c_cpp/cobalt/src/module/eventloop.c
FNL:0,57,59
FNA:0,8,get_time_now
FNL:1,61,65
FNA:1,0,timer_expired
FNL:2,71,97
FNA:2,16,cobalt_eventloop_create
FNL:3,99,124
FNA:3,16,cobalt_eventloop_destroy
FNL:4,126,159
FNA:4,4,cobalt_eventloop_add_fd
FNL:5,161,165
FNA:5,4,cobalt_eventloop_mod_fd
FNL:6,167,190
FNA:6,4,cobalt_eventloop_del_fd
FNL:7,192,234
FNA:7,4,cobalt_eventloop_add_timer
FNL:8,236,251
FNA:8,4,cobalt_eventloop_del_timer
FNL:9,253,263
FNA:9,0,cobalt_eventloop_run
FNL:10,265,267
FNA:10,4,cobalt_eventloop_stop
FNL:11,269,332
FNA:11,4,cobalt_eventloop_iteration
FNF:12
FNH:10
DA:57,8
DA:58,8
DA:59,8
DA:61,0
DA:62,0
DA:63,0
DA:64,0
DA:71,16
DA:72,16
DA:73,16
DA:76,16
DA:77,16
DA:78,0
DA:79,0
DA:81,16
DA:82,16
DA:83,16
DA:84,0
DA:85,0
DA:86,0
DA:96,16
DA:99,16
DA:100,16
DA:103,16
DA:104,16
DA:109,16
DA:110,16
DA:111,0
DA:112,0
DA:113,0
DA:116,16
DA:117,16
DA:118,0
DA:119,0
DA:120,0
DA:123,16
DA:126,4
DA:127,4
DA:130,0
DA:131,0
DA:132,0
DA:133,0
DA:134,0
DA:144,0
DA:145,0
DA:146,0
DA:147,0
DA:148,0
DA:149,0
DA:151,0
DA:152,0
DA:154,0
DA:155,0
DA:158,0
DA:161,4
DA:162,4
DA:163,0
DA:164,0
DA:167,4
DA:168,4
DA:171,0
DA:178,0
DA:179,0
DA:180,0
DA:181,0
DA:182,0
DA:183,0
DA:184,0
DA:186,0
DA:187,0
DA:189,0
DA:192,4
DA:193,4
DA:195,4
DA:196,4
DA:197,4
DA:199,4
DA:200,4
DA:201,4
DA:202,4
DA:203,4
DA:204,4
DA:207,4
DA:208,4
DA:209,4
DA:210,4
DA:211,0
DA:212,0
DA:215,4
DA:216,4
DA:219,0
DA:220,0
DA:221,0
DA:222,0
DA:224,0
DA:225,0
DA:226,0
DA:228,0
DA:229,0
DA:233,4
DA:236,4
DA:237,4
DA:239,4
DA:240,4
DA:241,4
DA:242,4
DA:243,4
DA:244,4
DA:245,4
DA:247,0
DA:248,0
DA:250,0
DA:253,0
DA:254,0
DA:255,0
DA:256,0
DA:258,0
DA:259,0
DA:260,0
DA:262,0
DA:265,4
DA:266,4
DA:267,4
DA:269,4
DA:270,4
DA:273,4
DA:276,4
DA:277,8
DA:278,4
DA:279,4
DA:280,0
DA:281,0
DA:283,0
DA:284,0
DA:285,0
DA:286,0
DA:287,0
DA:288,0
DA:291,0
DA:294,4
DA:299,4
DA:300,4
DA:301,4
DA:302,4
DA:303,4
DA:304,4
DA:305,4
DA:308,4
DA:309,4
DA:310,0
DA:311,0
DA:312,0
DA:331,4
LF:153
LH:75
end_of_record
TN:
SF:/home/quintin/Data/source/c_cpp/cobalt/src/module/json.c
FNL:0,12,21
FNA:0,4,json_node_create
FNL:1,23,59
FNA:1,4,json_destroy
FNL:2,66,114
FNA:2,0,json_escape_string
FNL:3,117,191
FNA:3,0,json_serialize
FNL:4,203,205
FNA:4,8,is_space
FNL:5,207,211
FNA:5,8,json_skip_whitespace
FNL:6,214,239
FNA:6,0,json_parse_string
FNL:7,247,308
FNA:7,0,json_parse_object
FNL:8,310,344
FNA:8,0,json_parse_array
FNL:9,346,396
FNA:9,4,json_parse_value
FNL:10,402,414
FNA:10,0,json_tree_get_child
FNL:11,420,430
FNA:11,4,json_parse
FNL:12,432,435
FNA:12,4,json_get_number
FNL:13,437,440
FNA:13,0,json_get_string
FNL:14,442,444
FNA:14,0,json_is_null
FNL:15,446,448
FNA:15,0,json_is_object
FNL:16,450,452
FNA:16,0,json_is_array
FNF:17
FNH:7
DA:12,4
DA:13,4
DA:14,4
DA:15,4
DA:16,4
DA:17,4
DA:18,4
DA:20,4
DA:23,4
DA:24,4
DA:26,4
DA:27,0
DA:28,0
DA:29,0
DA:30,0
DA:32,0
DA:33,0
DA:34,0
DA:36,0
DA:37,0
DA:39,0
DA:40,0
DA:41,0
DA:43,0
DA:44,0
DA:46,0
DA:49,4
DA:50,0
DA:51,0
DA:53,4
DA:54,0
DA:55,0
DA:58,4
DA:66,0
DA:68,0
DA:69,0
DA:70,0
DA:72,0
DA:73,0
DA:74,0
DA:75,0
DA:76,0
DA:77,0
DA:78,0
DA:79,0
DA:80,0
DA:81,0
DA:82,0
DA:84,0
DA:86,0
DA:90,0
DA:91,0
DA:93,0
DA:94,0
DA:95,0
DA:96,0
DA:97,0
DA:98,0
DA:99,0
DA:100,0
DA:101,0
DA:102,0
DA:103,0
DA:104,0
DA:105,0
DA:107,0
DA:109,0
DA:112,0
DA:113,0
DA:117,0
DA:118,0
DA:120,0
DA:121,0
DA:122,0
DA:124,0
DA:125,0
DA:126,0
DA:127,0
DA:128,0
DA:129,0
DA:130,0
DA:131,0
DA:132,0
DA:133,0
DA:134,0
DA:135,0
DA:136,0
DA:137,0
DA:138,0
DA:139,0
DA:140,0
DA:141,0
DA:142,0
DA:144,0
DA:147,0
DA:149,0
DA:150,0
DA:151,0
DA:152,0
DA:153,0
DA:154,0
DA:155,0
DA:156,0
DA:157,0
DA:158,0
DA:159,0
DA:161,0
DA:162,0
DA:164,0
DA:165,0
DA:166,0
DA:167,0
DA:168,0
DA:169,0
DA:170,0
DA:171,0
DA:172,0
DA:173,0
DA:174,0
DA:175,0
DA:177,0
DA:178,0
DA:179,0
DA:180,0
DA:182,0
DA:183,0
DA:185,0
DA:186,0
DA:189,0
DA:190,0
DA:203,8
DA:204,8
DA:207,8
DA:208,8
DA:209,0
DA:211,8
DA:214,0
DA:215,0
DA:216,0
DA:219,0
DA:220,0
DA:221,0
DA:222,0
DA:224,0
DA:228,0
DA:230,0
DA:231,0
DA:232,0
DA:234,0
DA:235,0
DA:236,0
DA:238,0
DA:247,0
DA:248,0
DA:249,0
DA:250,0
DA:252,0
DA:254,0
DA:255,0
DA:256,0
DA:257,0
DA:260,0
DA:261,0
DA:262,0
DA:264,0
DA:265,0
DA:267,0
DA:268,0
DA:269,0
DA:270,0
DA:272,0
DA:274,0
DA:275,0
DA:276,0
DA:277,0
DA:280,0
DA:281,0
DA:282,0
DA:283,0
DA:284,0
DA:286,0
DA:287,0
DA:288,0
DA:291,0
DA:292,0
DA:293,0
DA:294,0
DA:296,0
DA:297,0
DA:299,0
DA:302,0
DA:303,0
DA:304,0
DA:307,0
DA:310,0
DA:311,0
DA:312,0
DA:313,0
DA:315,0
DA:317,0
DA:318,0
DA:319,0
DA:320,0
DA:323,0
DA:324,0
DA:325,0
DA:327,0
DA:328,0
DA:330,0
DA:331,0
DA:332,0
DA:333,0
DA:335,0
DA:338,0
DA:339,0
DA:340,0
DA:343,0
DA:346,4
DA:347,4
DA:348,4
DA:350,4
DA:352,4
DA:353,4
DA:354,4
DA:355,0
DA:356,0
DA:357,0
DA:358,0
DA:359,0
DA:363,4
DA:364,4
DA:365,12
DA:366,8
DA:368,4
DA:369,4
DA:370,4
DA:371,4
DA:372,4
DA:373,4
DA:374,4
DA:376,4
DA:377,4
DA:378,4
DA:382,0
DA:383,0
DA:384,0
DA:386,0
DA:387,0
DA:388,0
DA:390,0
DA:391,0
DA:392,0
DA:395,0
DA:402,0
DA:403,0
DA:406,0
DA:407,0
DA:408,0
DA:409,0
DA:411,0
DA:413,0
DA:420,4
DA:421,4
DA:422,4
DA:423,4
DA:425,4
DA:426,4
DA:427,4
DA:429,4
DA:432,4
DA:433,4
DA:434,0
DA:437,0
DA:438,0
DA:439,0
DA:442,0
DA:443,0
DA:446,0
DA:447,0
DA:450,0
DA:451,0
LF:281
LH:50
end_of_record
TN:
SF:/home/quintin/Data/source/c_cpp/cobalt/src/platform/atomic.c
FNL:0,5,8
FNA:0,12,cobalt_atomic_create
FNL:1,11,13
FNA:1,24,cobalt_atomic_get
FNL:2,16,18
FNA:2,4,cobalt_atomic_set
FNL:3,21,23
FNA:3,541155,cobalt_atomic_increment
FNL:4,26,28
FNA:4,290793,cobalt_atomic_decrement
FNF:5
FNH:5
DA:5,12
DA:6,12
DA:7,12
DA:11,24
DA:12,24
DA:16,4
DA:17,4
DA:18,4
DA:21,541155
DA:22,541155
DA:23,541155
DA:26,290793
DA:27,290793
DA:28,290793
LF:14
LH:14
end_of_record
TN:
SF:/home/quintin/Data/source/c_cpp/cobalt/src/platform/platform.c
FNL:0,3,11
FNA:0,4,cobalt_platform_get_id
FNL:1,13,15
FNA:1,4,cobalt_platform_get_handle
FNF:2
FNH:2
DA:3,4
DA:9,4
DA:13,4
DA:14,4
LF:4
LH:4
end_of_record
TN:
SF:/home/quintin/Data/source/c_cpp/cobalt/src/runtime/error.c
FNL:0,3,16
FNA:0,36,cobalt_error_get_message
FNL:1,18,20
FNA:1,8,cobalt_error_set
FNL:2,22,24
FNA:2,4,cobalt_error_get_current
FNF:3
FNH:3
DA:3,36
DA:4,36
DA:5,4
DA:6,4
DA:7,4
DA:8,4
DA:9,4
DA:10,4
DA:11,4
DA:12,4
DA:13,4
DA:14,0
DA:18,8
DA:19,8
DA:20,8
DA:22,4
DA:23,4
LF:17
LH:16
end_of_record
TN:
SF:/home/quintin/Data/source/c_cpp/cobalt/src/runtime/logger.c
FNL:0,10,13
FNA:0,8,cobalt_logger_init
FNL:1,15,25
FNA:1,32,level_name
FNL:2,27,42
FNA:2,40,cobalt_logger_log
FNF:3
FNH:3
DA:10,8
DA:11,8
DA:12,8
DA:13,8
DA:15,32
DA:16,32
DA:17,4
DA:18,4
DA:19,8
DA:20,8
DA:21,8
DA:22,0
DA:23,0
DA:27,40
DA:28,40
DA:31,32
DA:33,32
DA:34,32
DA:35,32
DA:37,32
DA:39,32
DA:40,0
LF:22
LH:19
end_of_record
TN:
SF:/home/quintin/Data/source/c_cpp/cobalt/tests/test_framework.h
FNL:0,24,33
FNA:0,0,test_report
FNF:1
FNH:0
DA:24,0
DA:25,0
DA:26,0
DA:27,0
DA:28,0
DA:30,0
DA:31,0
DA:33,0
LF:8
LH:0
end_of_record
TN:
SF:/home/quintin/Data/source/c_cpp/cobalt/tests/test_runner.c
FNL:0,55,65
FNA:0,3,run_all_tests
FNL:1,67,85
FNA:1,19,run_filtered_test
FNL:2,87,94
FNA:2,22,main
FNF:3
FNH:3
DA:55,3
DA:56,3
DA:58,60
DA:59,57
DA:60,57
DA:61,57
DA:64,3
DA:65,3
DA:67,19
DA:68,19
DA:69,190
DA:70,190
DA:71,19
DA:72,19
DA:73,19
DA:74,19
DA:77,19
DA:78,0
DA:79,0
DA:80,0
DA:81,0
DA:83,0
DA:85,19
DA:87,22
DA:88,22
DA:89,19
DA:91,3
DA:93,22
LF:28
LH:23
end_of_record
TN:
SF:/home/quintin/Data/source/c_cpp/cobalt/tests/unit/test_allocator.c
FNL:0,10,60
FNA:0,4,test_allocator_basic
FNL:1,62,75
FNA:1,4,test_allocator_null_safe
FNL:2,77,82
FNA:2,4,test_allocator
FNF:3
FNH:3
DA:10,4
DA:11,4
DA:13,4
DA:14,4
DA:15,0
DA:16,0
DA:18,4
DA:21,4
DA:22,4
DA:23,0
DA:24,0
DA:26,4
DA:29,44
DA:30,40
DA:32,4
DA:33,44
DA:34,40
DA:36,4
DA:37,4
DA:39,0
DA:43,4
DA:44,4
DA:45,0
DA:46,0
DA:48,4
DA:51,4
DA:52,4
DA:54,0
DA:58,4
DA:59,4
DA:62,4
DA:63,4
DA:65,4
DA:68,4
DA:69,4
DA:70,4
DA:71,4
DA:74,4
DA:75,4
DA:77,4
DA:78,4
DA:79,4
DA:80,4
DA:81,4
DA:82,4
LF:45
LH:37
end_of_record
TN:
SF:/home/quintin/Data/source/c_cpp/cobalt/tests/unit/test_arena.c
FNL:0,10,22
FNA:0,4,test_arena_create_destroy
FNL:1,24,71
FNA:1,4,test_arena_alloc_reset
FNL:2,73,94
FNA:2,4,test_arena_boundary
FNL:3,96,102
FNA:3,4,test_arena
FNF:4
FNH:4
DA:10,4
DA:11,4
DA:13,4
DA:14,4
DA:15,0
DA:16,0
DA:18,4
DA:20,4
DA:21,4
DA:24,4
DA:25,4
DA:27,4
DA:28,4
DA:29,0
DA:30,0
DA:34,4
DA:35,4
DA:36,4
DA:38,4
DA:39,0
DA:40,0
DA:41,0
DA:45,4
DA:46,44
DA:47,260
DA:49,4
DA:50,0
DA:52,4
DA:56,4
DA:57,4
DA:60,4
DA:61,4
DA:62,0
DA:64,4
DA:65,4
DA:66,4
DA:69,4
DA:70,4
DA:73,4
DA:74,4
DA:77,4
DA:78,4
DA:79,0
DA:80,0
DA:85,4
DA:86,4
DA:87,4
DA:88,4
DA:90,0
DA:93,4
DA:96,4
DA:97,4
DA:98,4
DA:99,4
DA:100,4
DA:101,4
DA:102,4
LF:57
LH:45
end_of_record
TN:
SF:/home/quintin/Data/source/c_cpp/cobalt/tests/unit/test_atomic.c
FNL:0,18,24
FNA:0,64,thread_inc
FNL:1,27,33
FNA:1,32,thread_dec
FNL:2,36,70
FNA:2,4,test_atomic_basic
FNL:3,73,104
FNA:3,4,test_atomic_concurrent_inc
FNL:4,107,132
FNA:4,4,test_atomic_concurrent_mixed
FNL:5,134,142
FNA:5,4,test_atomic
FNF:6
FNH:6
DA:18,64
DA:20,489994
DA:21,575583
DA:23,0
DA:27,32
DA:29,224926
DA:30,301351
DA:32,0
DA:36,4
DA:37,4
DA:39,4
DA:40,4
DA:41,4
DA:42,4
DA:44,0
DA:47,4
DA:48,4
DA:49,4
DA:50,4
DA:52,0
DA:55,4
DA:56,4
DA:57,4
DA:58,4
DA:60,0
DA:63,4
DA:64,4
DA:65,4
DA:66,4
DA:68,0
DA:70,4
DA:73,4
DA:74,4
DA:78,4
DA:81,4
DA:82,36
DA:83,32
DA:84,32
DA:85,0
DA:86,0
DA:91,36
DA:92,32
DA:96,4
DA:97,4
DA:98,4
DA:99,4
DA:101,0
DA:107,4
DA:108,4
DA:111,4
DA:114,4
DA:115,36
DA:116,32
DA:117,32
DA:121,68
DA:122,64
DA:126,4
DA:127,4
DA:128,4
DA:130,0
DA:132,4
DA:134,4
DA:135,4
DA:137,4
DA:138,4
DA:139,4
DA:141,4
DA:142,4
LF:68
LH:58
end_of_record
TN:
SF:/home/quintin/Data/source/c_cpp/cobalt/tests/unit/test_class.c
FNL:0,12,15
FNA:0,0,dummy_method
FNL:1,17,41
FNA:1,4,test_class_create_destroy
FNL:2,43,65
FNA:2,4,test_class_methods
FNL:3,67,77
FNA:3,4,test_class_abstract
FNL:4,79,85
FNA:4,4,test_class
FNF:5
FNH:4
DA:12,0
DA:14,0
DA:17,4
DA:18,4
DA:21,4
DA:22,4
DA:23,0
DA:24,0
DA:26,4
DA:29,4
DA:30,4
DA:31,0
DA:32,0
DA:33,0
DA:35,4
DA:38,4
DA:39,4
DA:40,4
DA:43,4
DA:44,4
DA:46,4
DA:47,4
DA:48,0
DA:49,0
DA:53,4
DA:54,4
DA:55,4
DA:57,0
DA:61,4
DA:62,4
DA:64,4
DA:67,4
DA:68,4
DA:70,4
DA:73,4
DA:74,4
DA:75,4
DA:77,4
DA:79,4
DA:80,4
DA:81,4
DA:82,4
DA:83,4
DA:84,4
DA:85,4
LF:45
LH:35
end_of_record
TN:
SF:/home/quintin/Data/source/c_cpp/cobalt/tests/unit/test_error.c
FNL:0,10,52
FNA:0,4,test_error_codes
FNL:1,54,74
FNA:1,4,test_error_set_get
FNL:2,76,81
FNA:2,4,test_error
FNF:3
FNH:3
DA:10,4
DA:11,4
DA:13,4
DA:25,4
DA:37,4
DA:38,40
DA:39,36
DA:40,36
DA:41,36
DA:43,0
DA:44,0
DA:45,0
DA:49,4
DA:50,4
DA:52,4
DA:54,4
DA:55,4
DA:57,4
DA:60,4
DA:61,4
DA:62,4
DA:64,0
DA:68,4
DA:69,4
DA:72,4
DA:73,4
DA:74,4
DA:76,4
DA:77,4
DA:78,4
DA:79,4
DA:80,4
DA:81,4
LF:33
LH:29
end_of_record
TN:
SF:/home/quintin/Data/source/c_cpp/cobalt/tests/unit/test_eventloop.c
FNL:0,12,16
FNA:0,0,on_timer
FNL:1,18,22
FNA:1,0,on_fd
FNL:2,24,36
FNA:2,4,test_eventloop_create_destroy
FNL:3,38,68
FNA:3,4,test_eventloop_fd
FNL:4,70,104
FNA:4,4,test_eventloop_timer
FNL:5,106,120
FNA:5,4,test_eventloop_run_stop
FNL:6,122,129
FNA:6,4,test_eventloop
FNF:7
FNH:5
DA:12,0
DA:14,0
DA:15,0
DA:16,0
DA:18,0
DA:20,0
DA:21,0
DA:22,0
DA:24,4
DA:25,4
DA:27,4
DA:28,4
DA:29,0
DA:30,0
DA:32,4
DA:34,4
DA:35,4
DA:38,4
DA:39,4
DA:41,4
DA:42,4
DA:43,0
DA:44,0
DA:48,4
DA:49,4
DA:50,0
DA:52,4
DA:56,4
DA:57,4
DA:58,0
DA:62,4
DA:63,4
DA:64,0
DA:67,4
DA:70,4
DA:71,4
DA:73,4
DA:74,4
DA:75,0
DA:76,0
DA:79,4
DA:82,4
DA:83,4
DA:84,4
DA:88,4
DA:89,4
DA:91,4
DA:92,0
DA:94,4
DA:98,4
DA:99,4
DA:100,4
DA:103,4
DA:106,4
DA:107,4
DA:109,4
DA:110,4
DA:111,0
DA:112,0
DA:116,4
DA:117,4
DA:119,4
DA:122,4
DA:123,4
DA:124,4
DA:125,4
DA:126,4
DA:127,4
DA:128,4
DA:129,4
LF:70
LH:50
end_of_record
TN:
SF:/home/quintin/Data/source/c_cpp/cobalt/tests/unit/test_functional.c
FNL:0,10,12
FNA:0,12,simple_cmp
FNL:1,14,45
FNA:1,4,test_predicates
FNL:2,47,51
FNA:2,4,test_functional
FNF:3
FNH:3
DA:10,12
DA:11,12
DA:14,4
DA:15,4
DA:17,4
DA:18,4
DA:19,4
DA:21,0
DA:24,4
DA:25,4
DA:26,4
DA:28,0
DA:31,4
DA:32,4
DA:36,4
DA:37,4
DA:39,0
DA:42,4
DA:43,4
DA:45,4
DA:47,4
DA:48,4
DA:49,4
DA:50,4
DA:51,4
LF:25
LH:22
end_of_record
TN:
SF:/home/quintin/Data/source/c_cpp/cobalt/tests/unit/test_hashmap.c
FNL:0,10,42
FNA:0,4,test_hashmap_basic
FNL:1,44,47
FNA:1,4,test_hashmap
FNF:2
FNH:2
DA:10,4
DA:11,4
DA:13,4
DA:14,4
DA:15,0
DA:16,0
DA:18,4
DA:24,4
DA:25,4
DA:27,4
DA:28,4
DA:30,4
DA:31,4
DA:32,4
DA:34,0
DA:37,4
DA:38,4
DA:40,4
DA:41,4
DA:44,4
DA:45,4
DA:46,4
DA:47,4
LF:23
LH:20
end_of_record
TN:
SF:/home/quintin/Data/source/c_cpp/cobalt/tests/unit/test_interface.c
FNL:0,12,15
FNA:0,0,dummy_destroy
FNL:1,21,33
FNA:1,4,test_interface_create_destroy
FNL:2,35,47
FNA:2,4,test_interface_implements
FNL:3,49,54
FNA:3,4,test_interface
FNF:4
FNH:3
DA:12,0
DA:14,0
DA:15,0
DA:21,4
DA:22,4
DA:24,4
DA:25,4
DA:26,0
DA:27,0
DA:29,4
DA:31,4
DA:32,4
DA:35,4
DA:36,4
DA:42,4
DA:43,4
DA:44,4
DA:45,4
DA:47,4
DA:49,4
DA:50,4
DA:51,4
DA:52,4
DA:53,4
DA:54,4
LF:25
LH:20
end_of_record
TN:
SF:/home/quintin/Data/source/c_cpp/cobalt/tests/unit/test_json.c
FNL:0,9,23
FNA:0,4,test_json
FNF:1
FNH:1
DA:9,4
DA:10,4
DA:13,4
DA:14,4
DA:15,4
DA:16,4
DA:17,4
DA:19,4
DA:22,4
DA:23,4
LF:10
LH:10
end_of_record
TN:
SF:/home/quintin/Data/source/c_cpp/cobalt/tests/unit/test_list.c
FNL:0,10,59
FNA:0,4,test_list_basic
FNL:1,61,79
FNA:1,4,test_list_edge_cases
FNL:2,81,86
FNA:2,4,test_list
FNF:3
FNH:3
DA:10,4
DA:11,4
DA:13,4
DA:14,4
DA:15,0
DA:16,0
DA:20,4
DA:21,4
DA:23,0
DA:26,4
DA:27,4
DA:31,4
DA:32,4
DA:33,4
DA:34,4
DA:38,4
DA:39,4
DA:40,4
DA:41,4
DA:45,4
DA:46,4
DA:47,4
DA:49,0
DA:52,4
DA:53,4
DA:57,4
DA:58,4
DA:61,4
DA:62,4
DA:64,4
DA:67,4
DA:68,4
DA:69,4
DA:73,4
DA:74,4
DA:75,4
DA:78,4
DA:79,4
DA:81,4
DA:82,4
DA:83,4
DA:84,4
DA:85,4
DA:86,4
LF:44
LH:40
end_of_record
TN:
SF:/home/quintin/Data/source/c_cpp/cobalt/tests/unit/test_logger.c
FNL:0,14,61
FNA:0,4,test_logger_levels
FNL:1,63,79
FNA:1,4,test_logger_macros
FNL:2,81,86
FNA:2,4,test_logger
FNF:3
FNH:3
DA:14,4
DA:15,4
DA:18,4
DA:19,4
DA:20,0
DA:21,0
DA:25,4
DA:28,4
DA:29,4
DA:32,4
DA:33,4
DA:34,4
DA:36,4
DA:39,4
DA:40,4
DA:42,4
DA:43,4
DA:44,4
DA:46,16
DA:47,12
DA:48,12
DA:49,12
DA:51,4
DA:53,4
DA:55,4
DA:56,4
DA:58,0
DA:63,4
DA:64,4
DA:67,4
DA:70,4
DA:71,4
DA:72,4
DA:73,4
DA:74,4
DA:78,4
DA:79,4
DA:81,4
DA:82,4
DA:83,4
DA:84,4
DA:85,4
DA:86,4
LF:43
LH:40
end_of_record
TN:
SF:/home/quintin/Data/source/c_cpp/cobalt/tests/unit/test_object.c
FNL:0,11,63
FNA:0,4,test_object_lifecycle
FNL:1,65,75
FNA:1,4,test_object_null_safe
FNL:2,77,82
FNA:2,4,test_object
FNF:3
FNH:3
DA:11,4
DA:12,4
DA:15,4
DA:16,4
DA:17,0
DA:18,0
DA:22,4
DA:23,4
DA:24,0
DA:25,0
DA:26,0
DA:28,4
DA:31,4
DA:32,4
DA:33,4
DA:35,0
DA:39,4
DA:40,4
DA:41,4
DA:43,0
DA:47,4
DA:48,4
DA:49,4
DA:50,4
DA:53,4
DA:54,4
DA:55,4
DA:56,4
DA:59,4
DA:60,4
DA:62,4
DA:65,4
DA:66,4
DA:69,4
DA:70,4
DA:71,4
DA:72,4
DA:73,4
DA:75,4
DA:77,4
DA:78,4
DA:79,4
DA:80,4
DA:81,4
DA:82,4
LF:45
LH:38
end_of_record
TN:
SF:/home/quintin/Data/source/c_cpp/cobalt/tests/unit/test_platform.c
FNL:0,10,38
FNA:0,4,test_platform
FNF:1
FNH:1
DA:10,4
DA:11,4
DA:14,4
DA:15,4
DA:16,0
DA:18,4
DA:21,4
DA:22,4
DA:23,0
DA:25,4
DA:32,4
DA:37,4
DA:38,4
LF:13
LH:11
end_of_record
TN:
SF:/home/quintin/Data/source/c_cpp/cobalt/tests/unit/test_queue.c
FNL:0,10,62
FNA:0,4,test_queue_basic
FNL:1,64,83
FNA:1,4,test_queue_edge_cases
FNL:2,85,89
FNA:2,4,test_queue
FNF:3
FNH:3
DA:10,4
DA:11,4
DA:13,4
DA:14,4
DA:15,0
DA:16,0
DA:20,4
DA:21,4
DA:25,4
DA:26,4
DA:27,4
DA:28,4
DA:30,4
DA:31,4
DA:35,4
DA:36,4
DA:37,4
DA:41,4
DA:42,4
DA:43,4
DA:46,4
DA:47,4
DA:48,4
DA:51,4
DA:52,4
DA:53,4
DA:56,4
DA:57,4
DA:60,4
DA:61,4
DA:64,4
DA:65,4
DA:68,4
DA:69,4
DA:70,4
DA:71,4
DA:72,4
DA:73,4
DA:76,4
DA:79,4
DA:81,4
DA:82,4
DA:83,4
DA:85,4
DA:86,4
DA:87,4
DA:88,4
DA:89,4
LF:48
LH:46
end_of_record
TN:
SF:/home/quintin/Data/source/c_cpp/cobalt/tests/unit/test_sort.c
FNL:0,8,11
FNA:0,4,test_sort
FNF:1
FNH:1
DA:8,4
DA:9,4
DA:10,4
DA:11,4
LF:4
LH:4
end_of_record
TN:
SF:/home/quintin/Data/source/c_cpp/cobalt/tests/unit/test_stack.c
FNL:0,10,62
FNA:0,4,test_stack_basic
FNL:1,64,83
FNA:1,4,test_stack_edge_cases
FNL:2,85,89
FNA:2,4,test_stack
FNF:3
FNH:3
DA:10,4
DA:11,4
DA:13,4
DA:14,4
DA:15,0
DA:16,0
DA:20,4
DA:21,4
DA:25,4
DA:26,4
DA:27,4
DA:28,4
DA:30,4
DA:31,4
DA:35,4
DA:36,4
DA:37,4
DA:41,4
DA:42,4
DA:43,4
DA:46,4
DA:47,4
DA:48,4
DA:51,4
DA:52,4
DA:53,4
DA:56,4
DA:57,4
DA:60,4
DA:61,4
DA:64,4
DA:65,4
DA:68,4
DA:69,4
DA:70,4
DA:71,4
DA:72,4
DA:73,4
DA:76,4
DA:79,4
DA:81,4
DA:82,4
DA:83,4
DA:85,4
DA:86,4
DA:87,4
DA:88,4
DA:89,4
LF:48
LH:46
end_of_record
TN:
SF:/home/quintin/Data/source/c_cpp/cobalt/tests/unit/test_treemap.c
FNL:0,10,54
FNA:0,4,test_treemap_basic
FNL:1,56,59
FNA:1,4,test_treemap
FNF:2
FNH:2
DA:10,4
DA:11,4
DA:13,4
DA:14,4
DA:15,0
DA:16,0
DA:20,4
DA:21,4
DA:25,4
DA:26,4
DA:27,4
DA:28,4
DA:30,4
DA:31,4
DA:35,4
DA:36,4
DA:37,4
DA:41,4
DA:42,4
DA:43,4
DA:44,4
DA:46,4
DA:47,4
DA:51,4
DA:52,4
DA:53,4
DA:56,4
DA:57,4
DA:58,4
DA:59,4
LF:30
LH:28
end_of_record
TN:
SF:/home/quintin/Data/source/c_cpp/cobalt/tests/unit/test_vector.c
FNL:0,10,64
FNA:0,4,test_vector_basic
FNL:1,66,93
FNA:1,4,test_vector_edge_cases
FNL:2,95,99
FNA:2,4,test_vector
FNF:3
FNH:3
DA:10,4
DA:11,4
DA:14,4
DA:15,4
DA:16,0
DA:17,0
DA:19,4
DA:22,4
DA:23,4
DA:25,0
DA:28,4
DA:29,4
DA:30,4
DA:32,0
DA:36,4
DA:37,4
DA:38,4
DA:39,4
DA:41,0
DA:44,4
DA:45,4
DA:46,4
DA:48,0
DA:52,4
DA:53,4
DA:54,4
DA:56,0
DA:60,4
DA:61,4
DA:63,4
DA:66,4
DA:67,4
DA:70,4
DA:71,4
DA:72,4
DA:73,4
DA:76,4
DA:77,4
DA:78,4
DA:81,404
DA:82,400
DA:83,400
DA:85,4
DA:88,4
DA:89,4
DA:91,4
DA:92,4
DA:93,4
DA:95,4
DA:96,4
DA:97,4
DA:98,4
DA:99,4
LF:53
LH:46
end_of_record
